#
# There is insufficient memory for the Java Runtime Environment to continue.
# Native memory allocation (mmap) failed to map 42991616 bytes for committing reserved memory.
# Possible reasons:
#   The system is out of physical RAM or swap space
#   In 32 bit mode, the process size limit was hit
# Possible solutions:
#   Reduce memory load on the system
#   Increase physical memory or swap space
#   Check if swap backing store is full
#   Use 64 bit Java on a 64 bit OS
#   Decrease Java heap size (-Xmx/-Xms)
#   Decrease number of Java threads
#   Decrease Java thread stack sizes (-Xss)
#   Set larger code cache with -XX:ReservedCodeCacheSize=
# This output file may be truncated or incomplete.
#
#  Out of Memory Error (os_linux.cpp:2627), pid=5149, tid=0x00007fbfe59f9700
#
# JRE version: OpenJDK Runtime Environment (8.0_112-b06) (build 1.8.0_112-release-b06)
# Java VM: OpenJDK 64-Bit Server VM (25.112-b06 mixed mode linux-amd64 compressed oops)
# Core dump written. Default location: /home/refmitchell/Uni/4/Project/antbot_rob/AntEye/core or core.5149
#

---------------  T H R E A D  ---------------

Current thread (0x00007fbffc078000):  VMThread [stack: 0x00007fbfe58f9000,0x00007fbfe59fa000] [id=5160]

Stack: [0x00007fbfe58f9000,0x00007fbfe59fa000],  sp=0x00007fbfe59f8470,  free space=1021k
Native frames: (J=compiled Java code, j=interpreted, Vv=VM code, C=native code)
V  [libjvm.so+0x9e465d]  VMError::report_and_die()+0x15d
V  [libjvm.so+0x4b6ada]  report_vm_out_of_memory(char const*, int, unsigned long, VMErrorType, char const*)+0x8a
V  [libjvm.so+0x84c860]  os::pd_commit_memory(char*, unsigned long, unsigned long, bool)+0xf0
V  [libjvm.so+0x84737f]  os::commit_memory(char*, unsigned long, unsigned long, bool)+0x1f
V  [libjvm.so+0x8bd3db]  PSVirtualSpace::expand_by(unsigned long)+0x5b
V  [libjvm.so+0x8be050]  PSYoungGen::resize_generation(unsigned long, unsigned long)+0xb0
V  [libjvm.so+0x8be36b]  PSYoungGen::resize(unsigned long, unsigned long)+0x1b
V  [libjvm.so+0x8baa5c]  PSScavenge::invoke_no_policy()+0xdac
V  [libjvm.so+0x8bb238]  PSScavenge::invoke()+0x38
V  [libjvm.so+0x86fcf3]  ParallelScavengeHeap::failed_mem_allocate(unsigned long)+0x63
V  [libjvm.so+0x9e6124]  VM_ParallelGCFailedAllocation::doit()+0x84
V  [libjvm.so+0x9ea537]  VM_Operation::evaluate()+0x47
V  [libjvm.so+0x9e8ff8]  VMThread::evaluate_operation(VM_Operation*)+0x2c8
V  [libjvm.so+0x9e9479]  VMThread::loop()+0x219
V  [libjvm.so+0x9e98c2]  VMThread::run()+0x72
V  [libjvm.so+0x849c82]  java_start(Thread*)+0xf2

VM_Operation (0x00007fbfe4d52080): ParallelGCFailedAllocation, mode: safepoint, requested by thread 0x00007fbffc13a000


---------------  P R O C E S S  ---------------

Java Threads: ( => current thread )
  0x00007fbffc13f800 JavaThread "pool-1-thread-4" [_thread_blocked, id=5173, stack(0x00007fbfe4a51000,0x00007fbfe4b52000)]
  0x00007fbffc13b800 JavaThread "pool-1-thread-3" [_thread_blocked, id=5172, stack(0x00007fbfe4b52000,0x00007fbfe4c53000)]
  0x00007fbffc13a000 JavaThread "pool-1-thread-2" [_thread_blocked, id=5171, stack(0x00007fbfe4c53000,0x00007fbfe4d54000)]
  0x00007fbffc135800 JavaThread "pool-2-thread-1" [_thread_blocked, id=5170, stack(0x00007fbfe4d54000,0x00007fbfe4e55000)]
  0x00007fbffc134000 JavaThread "pool-1-thread-1" [_thread_blocked, id=5169, stack(0x00007fbfe4e55000,0x00007fbfe4f56000)]
  0x00007fbffc0d2800 JavaThread "Service Thread" daemon [_thread_blocked, id=5167, stack(0x00007fbfe5057000,0x00007fbfe5158000)]
  0x00007fbffc0bd800 JavaThread "C1 CompilerThread2" daemon [_thread_blocked, id=5166, stack(0x00007fbfe5158000,0x00007fbfe5259000)]
  0x00007fbffc0bb800 JavaThread "C2 CompilerThread1" daemon [_thread_blocked, id=5165, stack(0x00007fbfe5259000,0x00007fbfe535a000)]
  0x00007fbffc0b8800 JavaThread "C2 CompilerThread0" daemon [_thread_blocked, id=5164, stack(0x00007fbfe535a000,0x00007fbfe545b000)]
  0x00007fbffc0b4800 JavaThread "Signal Dispatcher" daemon [_thread_blocked, id=5163, stack(0x00007fbfe545b000,0x00007fbfe555c000)]
  0x00007fbffc084800 JavaThread "Finalizer" daemon [_thread_blocked, id=5162, stack(0x00007fbfe56f7000,0x00007fbfe57f8000)]
  0x00007fbffc080000 JavaThread "Reference Handler" daemon [_thread_blocked, id=5161, stack(0x00007fbfe57f8000,0x00007fbfe58f9000)]
  0x00007fbffc00a800 JavaThread "main" [_thread_blocked, id=5155, stack(0x00007fc004031000,0x00007fc004132000)]

Other Threads:
=>0x00007fbffc078000 VMThread [stack: 0x00007fbfe58f9000,0x00007fbfe59fa000] [id=5160]
  0x00007fbffc0d5000 WatcherThread [stack: 0x00007fbfe4f56000,0x00007fbfe5057000] [id=5168]

VM state:at safepoint (normal execution)

VM Mutex/Monitor currently owned by a thread:  ([mutex/lock_event])
[0x00007fbffc007100] Threads_lock - owner thread: 0x00007fbffc078000
[0x00007fbffc007600] Heap_lock - owner thread: 0x00007fbffc13a000

Heap:
 PSYoungGen      total 33280K, used 2554K [0x00000000eab00000, 0x00000000ece00000, 0x0000000100000000)
  eden space 30720K, 0% used [0x00000000eab00000,0x00000000eab00000,0x00000000ec900000)
  from space 2560K, 99% used [0x00000000ec900000,0x00000000ecb7ebf0,0x00000000ecb80000)
  to   space 2560K, 0% used [0x00000000ecb80000,0x00000000ecb80000,0x00000000ece00000)
 ParOldGen       total 40960K, used 14849K [0x00000000c0000000, 0x00000000c2800000, 0x00000000eab00000)
  object space 40960K, 36% used [0x00000000c0000000,0x00000000c0e806d8,0x00000000c2800000)
 Metaspace       used 5717K, capacity 6896K, committed 7040K, reserved 1056768K
  class space    used 554K, capacity 616K, committed 640K, reserved 1048576K

Card table byte_map: [0x00007fc000cae000,0x00007fc000eaf000] byte_map_base: 0x00007fc0006ae000

Marking Bits: (ParMarkBitMap*) 0x00007fc00352c340
 Begin Bits: [0x00007fbfe6000000, 0x00007fbfe7000000)
 End Bits:   [0x00007fbfe7000000, 0x00007fbfe8000000)

Polling page: 0x00007fc00416c000

CodeCache: size=245760Kb used=4937Kb max_used=4937Kb free=240822Kb
 bounds [0x00007fbfed000000, 0x00007fbfed4e0000, 0x00007fbffc000000]
 total_blobs=1555 nmethods=1296 adapters=175
 compilation: enabled

Compilation events (10 events):
Event: 4.250 Thread 0x00007fbffc0bd800 nmethod 1351 0x00007fbfed4d1f50 code [0x00007fbfed4d21e0, 0x00007fbfed4d2ce8]
Event: 4.250 Thread 0x00007fbffc0bd800 1353       2       com.android.dx.dex.code.BlockAddresses::setupArrays (113 bytes)
Event: 4.252 Thread 0x00007fbffc0bd800 nmethod 1353 0x00007fbfed4d3d90 code [0x00007fbfed4d3f80, 0x00007fbfed4d46f8]
Event: 4.252 Thread 0x00007fbffc0bd800 1352       2       com.android.dx.rop.code.LocalVariableExtractor::doit (49 bytes)
Event: 4.252 Thread 0x00007fbffc0bd800 nmethod 1352 0x00007fbfed4d5050 code [0x00007fbfed4d51e0, 0x00007fbfed4d5438]
Event: 4.252 Thread 0x00007fbffc0bd800 1321       2       java.util.TreeMap$Values::iterator (19 bytes)
Event: 4.253 Thread 0x00007fbffc0bd800 nmethod 1321 0x00007fbfed4d5610 code [0x00007fbfed4d5780, 0x00007fbfed4d59f0]
Event: 4.253 Thread 0x00007fbffc0bd800 1322       2       java.util.TreeMap$ValueIterator::<init> (12 bytes)
Event: 4.253 Thread 0x00007fbffc0bd800 nmethod 1322 0x00007fbfed4d5b50 code [0x00007fbfed4d5ca0, 0x00007fbfed4d5e50]
Event: 4.253 Thread 0x00007fbffc0bd800 1307       2       com.android.dx.rop.code.LocalVariableInfo::addAssignment (43 bytes)

GC Heap History (9 events):
Event: 3.267 GC heap before
{Heap before GC invocations=1 (full 0):
 PSYoungGen      total 17920K, used 15360K [0x00000000eab00000, 0x00000000ebf00000, 0x0000000100000000)
  eden space 15360K, 100% used [0x00000000eab00000,0x00000000eba00000,0x00000000eba00000)
  from space 2560K, 0% used [0x00000000ebc80000,0x00000000ebc80000,0x00000000ebf00000)
  to   space 2560K, 0% used [0x00000000eba00000,0x00000000eba00000,0x00000000ebc80000)
 ParOldGen       total 40960K, used 0K [0x00000000c0000000, 0x00000000c2800000, 0x00000000eab00000)
  object space 40960K, 0% used [0x00000000c0000000,0x00000000c0000000,0x00000000c2800000)
 Metaspace       used 5356K, capacity 6576K, committed 6784K, reserved 1056768K
  class space    used 545K, capacity 616K, committed 640K, reserved 1048576K
Event: 3.275 GC heap after
Heap after GC invocations=1 (full 0):
 PSYoungGen      total 17920K, used 2549K [0x00000000eab00000, 0x00000000ebf00000, 0x0000000100000000)
  eden space 15360K, 0% used [0x00000000eab00000,0x00000000eab00000,0x00000000eba00000)
  from space 2560K, 99% used [0x00000000eba00000,0x00000000ebc7d580,0x00000000ebc80000)
  to   space 2560K, 0% used [0x00000000ebc80000,0x00000000ebc80000,0x00000000ebf00000)
 ParOldGen       total 40960K, used 1610K [0x00000000c0000000, 0x00000000c2800000, 0x00000000eab00000)
  object space 40960K, 3% used [0x00000000c0000000,0x00000000c01929c8,0x00000000c2800000)
 Metaspace       used 5356K, capacity 6576K, committed 6784K, reserved 1056768K
  class space    used 545K, capacity 616K, committed 640K, reserved 1048576K
}
Event: 3.733 GC heap before
{Heap before GC invocations=2 (full 0):
 PSYoungGen      total 17920K, used 17909K [0x00000000eab00000, 0x00000000ebf00000, 0x0000000100000000)
  eden space 15360K, 100% used [0x00000000eab00000,0x00000000eba00000,0x00000000eba00000)
  from space 2560K, 99% used [0x00000000eba00000,0x00000000ebc7d580,0x00000000ebc80000)
  to   space 2560K, 0% used [0x00000000ebc80000,0x00000000ebc80000,0x00000000ebf00000)
 ParOldGen       total 40960K, used 1610K [0x00000000c0000000, 0x00000000c2800000, 0x00000000eab00000)
  object space 40960K, 3% used [0x00000000c0000000,0x00000000c01929c8,0x00000000c2800000)
 Metaspace       used 5567K, capacity 6768K, committed 7040K, reserved 1056768K
  class space    used 549K, capacity 616K, committed 640K, reserved 1048576K
Event: 3.750 GC heap after
Heap after GC invocations=2 (full 0):
 PSYoungGen      total 17920K, used 2536K [0x00000000eab00000, 0x00000000ece00000, 0x0000000100000000)
  eden space 15360K, 0% used [0x00000000eab00000,0x00000000eab00000,0x00000000eba00000)
  from space 2560K, 99% used [0x00000000ebc80000,0x00000000ebefa308,0x00000000ebf00000)
  to   space 2560K, 0% used [0x00000000eba00000,0x00000000eba00000,0x00000000ebc80000)
 ParOldGen       total 40960K, used 4692K [0x00000000c0000000, 0x00000000c2800000, 0x00000000eab00000)
  object space 40960K, 11% used [0x00000000c0000000,0x00000000c0495288,0x00000000c2800000)
 Metaspace       used 5567K, capacity 6768K, committed 7040K, reserved 1056768K
  class space    used 549K, capacity 616K, committed 640K, reserved 1048576K
}
Event: 3.912 GC heap before
{Heap before GC invocations=3 (full 0):
 PSYoungGen      total 17920K, used 17896K [0x00000000eab00000, 0x00000000ece00000, 0x0000000100000000)
  eden space 15360K, 100% used [0x00000000eab00000,0x00000000eba00000,0x00000000eba00000)
  from space 2560K, 99% used [0x00000000ebc80000,0x00000000ebefa308,0x00000000ebf00000)
  to   space 2560K, 0% used [0x00000000eba00000,0x00000000eba00000,0x00000000ebc80000)
 ParOldGen       total 40960K, used 4692K [0x00000000c0000000, 0x00000000c2800000, 0x00000000eab00000)
  object space 40960K, 11% used [0x00000000c0000000,0x00000000c0495288,0x00000000c2800000)
 Metaspace       used 5607K, capacity 6832K, committed 7040K, reserved 1056768K
  class space    used 550K, capacity 616K, committed 640K, reserved 1048576K
Event: 3.921 GC heap after
Heap after GC invocations=3 (full 0):
 PSYoungGen      total 17920K, used 2540K [0x00000000eab00000, 0x00000000ece00000, 0x0000000100000000)
  eden space 15360K, 0% used [0x00000000eab00000,0x00000000eab00000,0x00000000eba00000)
  from space 2560K, 99% used [0x00000000eba00000,0x00000000ebc7b148,0x00000000ebc80000)
  to   space 2560K, 0% used [0x00000000ecb80000,0x00000000ecb80000,0x00000000ece00000)
 ParOldGen       total 40960K, used 6703K [0x00000000c0000000, 0x00000000c2800000, 0x00000000eab00000)
  object space 40960K, 16% used [0x00000000c0000000,0x00000000c068bf70,0x00000000c2800000)
 Metaspace       used 5607K, capacity 6832K, committed 7040K, reserved 1056768K
  class space    used 550K, capacity 616K, committed 640K, reserved 1048576K
}
Event: 4.029 GC heap before
{Heap before GC invocations=4 (full 0):
 PSYoungGen      total 17920K, used 17900K [0x00000000eab00000, 0x00000000ece00000, 0x0000000100000000)
  eden space 15360K, 100% used [0x00000000eab00000,0x00000000eba00000,0x00000000eba00000)
  from space 2560K, 99% used [0x00000000eba00000,0x00000000ebc7b148,0x00000000ebc80000)
  to   space 2560K, 0% used [0x00000000ecb80000,0x00000000ecb80000,0x00000000ece00000)
 ParOldGen       total 40960K, used 6703K [0x00000000c0000000, 0x00000000c2800000, 0x00000000eab00000)
  object space 40960K, 16% used [0x00000000c0000000,0x00000000c068bf70,0x00000000c2800000)
 Metaspace       used 5661K, capacity 6832K, committed 7040K, reserved 1056768K
  class space    used 553K, capacity 616K, committed 640K, reserved 1048576K
Event: 4.041 GC heap after
Heap after GC invocations=4 (full 0):
 PSYoungGen      total 33280K, used 2537K [0x00000000eab00000, 0x00000000ece00000, 0x0000000100000000)
  eden space 30720K, 0% used [0x00000000eab00000,0x00000000eab00000,0x00000000ec900000)
  from space 2560K, 99% used [0x00000000ecb80000,0x00000000ecdfa400,0x00000000ece00000)
  to   space 2560K, 0% used [0x00000000ec900000,0x00000000ec900000,0x00000000ecb80000)
 ParOldGen       total 40960K, used 9624K [0x00000000c0000000, 0x00000000c2800000, 0x00000000eab00000)
  object space 40960K, 23% used [0x00000000c0000000,0x00000000c0966340,0x00000000c2800000)
 Metaspace       used 5661K, capacity 6832K, committed 7040K, reserved 1056768K
  class space    used 553K, capacity 616K, committed 640K, reserved 1048576K
}
Event: 4.268 GC heap before
{Heap before GC invocations=5 (full 0):
 PSYoungGen      total 33280K, used 33257K [0x00000000eab00000, 0x00000000ece00000, 0x0000000100000000)
  eden space 30720K, 100% used [0x00000000eab00000,0x00000000ec900000,0x00000000ec900000)
  from space 2560K, 99% used [0x00000000ecb80000,0x00000000ecdfa400,0x00000000ece00000)
  to   space 2560K, 0% used [0x00000000ec900000,0x00000000ec900000,0x00000000ecb80000)
 ParOldGen       total 40960K, used 9624K [0x00000000c0000000, 0x00000000c2800000, 0x00000000eab00000)
  object space 40960K, 23% used [0x00000000c0000000,0x00000000c0966340,0x00000000c2800000)
 Metaspace       used 5717K, capacity 6896K, committed 7040K, reserved 1056768K
  class space    used 554K, capacity 616K, committed 640K, reserved 1048576K

Deoptimization events (10 events):
Event: 3.864 Thread 0x00007fbffc00a800 Uncommon trap: reason=class_check action=maybe_recompile pc=0x00007fbfed3c4370 method=com.android.dx.rop.type.Type.equals(Ljava/lang/Object;)Z @ 8
Event: 3.865 Thread 0x00007fbffc13f800 Uncommon trap: reason=class_check action=maybe_recompile pc=0x00007fbfed3c4370 method=com.android.dx.rop.type.Type.equals(Ljava/lang/Object;)Z @ 8
Event: 3.877 Thread 0x00007fbffc134000 Uncommon trap: reason=bimorphic action=maybe_recompile pc=0x00007fbfed2a7a9c method=java.util.HashMap.getNode(ILjava/lang/Object;)Ljava/util/HashMap$Node; @ 126
Event: 3.877 Thread 0x00007fbffc134000 Uncommon trap: reason=bimorphic action=maybe_recompile pc=0x00007fbfed2a7a9c method=java.util.HashMap.getNode(ILjava/lang/Object;)Ljava/util/HashMap$Node; @ 126
Event: 3.893 Thread 0x00007fbffc13a000 Uncommon trap: reason=class_check action=maybe_recompile pc=0x00007fbfed3c4370 method=com.android.dx.rop.type.Type.equals(Ljava/lang/Object;)Z @ 8
Event: 3.961 Thread 0x00007fbffc134000 Uncommon trap: reason=unstable_if action=reinterpret pc=0x00007fbfed3f94fc method=com.android.dx.ssa.SsaMethod.updateOneDefinition(Lcom/android/dx/ssa/SsaInsn;Lcom/android/dx/rop/code/RegisterSpec;)V @ 4
Event: 3.968 Thread 0x00007fbffc134000 Uncommon trap: reason=unstable_if action=reinterpret pc=0x00007fbfed4233d8 method=com.android.dx.util.IntList.binarysearch(I)I @ 16
Event: 4.074 Thread 0x00007fbffc13b800 Uncommon trap: reason=bimorphic action=maybe_recompile pc=0x00007fbfed3d683c method=java.util.HashMap.putVal(ILjava/lang/Object;Ljava/lang/Object;ZZ)Ljava/lang/Object; @ 203
Event: 4.074 Thread 0x00007fbffc13b800 Uncommon trap: reason=bimorphic action=maybe_recompile pc=0x00007fbfed3d683c method=java.util.HashMap.putVal(ILjava/lang/Object;Ljava/lang/Object;ZZ)Ljava/lang/Object; @ 203
Event: 4.115 Thread 0x00007fbffc13a000 Uncommon trap: reason=unstable_if action=reinterpret pc=0x00007fbfed475840 method=java.util.HashMap.putVal(ILjava/lang/Object;Ljava/lang/Object;ZZ)Ljava/lang/Object; @ 94

Internal exceptions (3 events):
Event: 0.681 Thread 0x00007fbffc00a800 Exception <a 'java/lang/NoSuchMethodError': Method sun.misc.Unsafe.defineClass(Ljava/lang/String;[BII)Ljava/lang/Class; name or signature does not match> (0x00000000eab07c78) thrown at [/ssd/Android/AOSP-openjdk/external/jetbrains/jdk/hotspot/src/share/vm
Event: 0.681 Thread 0x00007fbffc00a800 Exception <a 'java/lang/NoSuchMethodError': Method sun.misc.Unsafe.prefetchRead(Ljava/lang/Object;J)V name or signature does not match> (0x00000000eab07f60) thrown at [/ssd/Android/AOSP-openjdk/external/jetbrains/jdk/hotspot/src/share/vm/prims/jni.cpp, li
Event: 3.590 Thread 0x00007fbffc13f800 Implicit null exception at 0x00007fbfed301ee2 to 0x00007fbfed301fe5

Events (10 events):
Event: 4.149 Thread 0x00007fbffc13a000 DEOPT UNPACKING pc=0x00007fbfed046f73 sp=0x00007fbfe4d51e70 mode 0
Event: 4.231 Thread 0x00007fbffc13f800 DEOPT PACKING pc=0x00007fbfed2d99d5 sp=0x00007fbfe4b4ffd0
Event: 4.231 Thread 0x00007fbffc13f800 DEOPT UNPACKING pc=0x00007fbfed046f73 sp=0x00007fbfe4b4fdd0 mode 0
Event: 4.254 Thread 0x00007fbffc13b800 DEOPT PACKING pc=0x00007fbfed2d99d5 sp=0x00007fbfe4c51190
Event: 4.254 Thread 0x00007fbffc13b800 DEOPT UNPACKING pc=0x00007fbfed046f73 sp=0x00007fbfe4c50fa0 mode 0
Event: 4.259 Thread 0x00007fbffc13b800 DEOPT PACKING pc=0x00007fbfed2d99d5 sp=0x00007fbfe4c50fd0
Event: 4.259 Thread 0x00007fbffc13b800 DEOPT UNPACKING pc=0x00007fbfed046f73 sp=0x00007fbfe4c50dd0 mode 0
Event: 4.266 Thread 0x00007fbffc13a000 DEOPT PACKING pc=0x00007fbfed2d99d5 sp=0x00007fbfe4d51fd0
Event: 4.267 Thread 0x00007fbffc13a000 DEOPT UNPACKING pc=0x00007fbfed046f73 sp=0x00007fbfe4d51dd0 mode 0
Event: 4.268 Executing VM operation: ParallelGCFailedAllocation


Dynamic libraries:
00400000-00401000 r-xp 00000000 08:03 1318161                            /opt/android-studio/jre/bin/java
00600000-00601000 r--p 00000000 08:03 1318161                            /opt/android-studio/jre/bin/java
00601000-00602000 rw-p 00001000 08:03 1318161                            /opt/android-studio/jre/bin/java
0173d000-0175e000 rw-p 00000000 00:00 0                                  [heap]
c0000000-c2800000 rw-p 00000000 00:00 0 
c2800000-eab00000 ---p 00000000 00:00 0 
eab00000-ece00000 rw-p 00000000 00:00 0 
ef700000-100000000 ---p 00000000 00:00 0 
100000000-1000a0000 rw-p 00000000 00:00 0 
1000a0000-140000000 ---p 00000000 00:00 0 
7fbf98000000-7fbf98024000 rw-p 00000000 00:00 0 
7fbf98024000-7fbf9c000000 ---p 00000000 00:00 0 
7fbfa0000000-7fbfa0021000 rw-p 00000000 00:00 0 
7fbfa0021000-7fbfa4000000 ---p 00000000 00:00 0 
7fbfa4000000-7fbfa4021000 rw-p 00000000 00:00 0 
7fbfa4021000-7fbfa8000000 ---p 00000000 00:00 0 
7fbfa8000000-7fbfa80d0000 rw-p 00000000 00:00 0 
7fbfa80d0000-7fbfac000000 ---p 00000000 00:00 0 
7fbfac000000-7fbfac021000 rw-p 00000000 00:00 0 
7fbfac021000-7fbfb0000000 ---p 00000000 00:00 0 
7fbfb0000000-7fbfb0021000 rw-p 00000000 00:00 0 
7fbfb0021000-7fbfb4000000 ---p 00000000 00:00 0 
7fbfb4000000-7fbfb4021000 rw-p 00000000 00:00 0 
7fbfb4021000-7fbfb8000000 ---p 00000000 00:00 0 
7fbfb8000000-7fbfb8439000 rw-p 00000000 00:00 0 
7fbfb8439000-7fbfbc000000 ---p 00000000 00:00 0 
7fbfbc000000-7fbfbc547000 rw-p 00000000 00:00 0 
7fbfbc547000-7fbfc0000000 ---p 00000000 00:00 0 
7fbfc0000000-7fbfc0021000 rw-p 00000000 00:00 0 
7fbfc0021000-7fbfc4000000 ---p 00000000 00:00 0 
7fbfc4000000-7fbfc4405000 rw-p 00000000 00:00 0 
7fbfc4405000-7fbfc8000000 ---p 00000000 00:00 0 
7fbfc8000000-7fbfc8021000 rw-p 00000000 00:00 0 
7fbfc8021000-7fbfcc000000 ---p 00000000 00:00 0 
7fbfcc000000-7fbfcc021000 rw-p 00000000 00:00 0 
7fbfcc021000-7fbfd0000000 ---p 00000000 00:00 0 
7fbfd0000000-7fbfd0021000 rw-p 00000000 00:00 0 
7fbfd0021000-7fbfd4000000 ---p 00000000 00:00 0 
7fbfd4000000-7fbfd427e000 rw-p 00000000 00:00 0 
7fbfd427e000-7fbfd8000000 ---p 00000000 00:00 0 
7fbfd8000000-7fbfd8021000 rw-p 00000000 00:00 0 
7fbfd8021000-7fbfdc000000 ---p 00000000 00:00 0 
7fbfe0000000-7fbfe0021000 rw-p 00000000 00:00 0 
7fbfe0021000-7fbfe4000000 ---p 00000000 00:00 0 
7fbfe4a51000-7fbfe4a54000 ---p 00000000 00:00 0 
7fbfe4a54000-7fbfe4b52000 rw-p 00000000 00:00 0 
7fbfe4b52000-7fbfe4b55000 ---p 00000000 00:00 0 
7fbfe4b55000-7fbfe4c53000 rw-p 00000000 00:00 0 
7fbfe4c53000-7fbfe4c56000 ---p 00000000 00:00 0 
7fbfe4c56000-7fbfe4d54000 rw-p 00000000 00:00 0 
7fbfe4d54000-7fbfe4d57000 ---p 00000000 00:00 0 
7fbfe4d57000-7fbfe4e55000 rw-p 00000000 00:00 0 
7fbfe4e55000-7fbfe4e58000 ---p 00000000 00:00 0 
7fbfe4e58000-7fbfe4f56000 rw-p 00000000 00:00 0 
7fbfe4f56000-7fbfe4f57000 ---p 00000000 00:00 0 
7fbfe4f57000-7fbfe5057000 rw-p 00000000 00:00 0 
7fbfe5057000-7fbfe505a000 ---p 00000000 00:00 0 
7fbfe505a000-7fbfe5158000 rw-p 00000000 00:00 0 
7fbfe5158000-7fbfe515b000 ---p 00000000 00:00 0 
7fbfe515b000-7fbfe5259000 rw-p 00000000 00:00 0 
7fbfe5259000-7fbfe525c000 ---p 00000000 00:00 0 
7fbfe525c000-7fbfe535a000 rw-p 00000000 00:00 0 
7fbfe535a000-7fbfe535d000 ---p 00000000 00:00 0 
7fbfe535d000-7fbfe545b000 rw-p 00000000 00:00 0 
7fbfe545b000-7fbfe545e000 ---p 00000000 00:00 0 
7fbfe545e000-7fbfe555c000 rw-p 00000000 00:00 0 
7fbfe555c000-7fbfe56f7000 r--p 00000000 08:03 3168329                    /usr/lib/locale/locale-archive
7fbfe56f7000-7fbfe56fa000 ---p 00000000 00:00 0 
7fbfe56fa000-7fbfe57f8000 rw-p 00000000 00:00 0 
7fbfe57f8000-7fbfe57fb000 ---p 00000000 00:00 0 
7fbfe57fb000-7fbfe58f9000 rw-p 00000000 00:00 0 
7fbfe58f9000-7fbfe58fa000 ---p 00000000 00:00 0 
7fbfe58fa000-7fbfe8000000 rw-p 00000000 00:00 0 
7fbfe8000000-7fbfe8021000 rw-p 00000000 00:00 0 
7fbfe8021000-7fbfec000000 ---p 00000000 00:00 0 
7fbfec0f9000-7fbfece40000 rw-p 00000000 00:00 0 
7fbfece40000-7fbfed000000 ---p 00000000 00:00 0 
7fbfed000000-7fbfed4e0000 rwxp 00000000 00:00 0 
7fbfed4e0000-7fbffc000000 ---p 00000000 00:00 0 
7fbffc000000-7fbffc38c000 rw-p 00000000 00:00 0 
7fbffc38c000-7fc000000000 ---p 00000000 00:00 0 
7fc00003b000-7fc00030f000 rw-p 00000000 00:00 0 
7fc00030f000-7fc0004de000 r--s 03c1b000 08:03 1318209                    /opt/android-studio/jre/jre/lib/rt.jar
7fc0004de000-7fc000754000 rw-p 00000000 00:00 0 
7fc000754000-7fc000755000 ---p 00000000 00:00 0 
7fc000755000-7fc000855000 rw-p 00000000 00:00 0 
7fc000855000-7fc000856000 ---p 00000000 00:00 0 
7fc000856000-7fc000956000 rw-p 00000000 00:00 0 
7fc000956000-7fc000957000 ---p 00000000 00:00 0 
7fc000957000-7fc000a57000 rw-p 00000000 00:00 0 
7fc000a57000-7fc000a58000 ---p 00000000 00:00 0 
7fc000a58000-7fc000b6c000 rw-p 00000000 00:00 0 
7fc000b6c000-7fc000cae000 ---p 00000000 00:00 0 
7fc000cae000-7fc000cc2000 rw-p 00000000 00:00 0 
7fc000cc2000-7fc000e03000 ---p 00000000 00:00 0 
7fc000e03000-7fc000e15000 rw-p 00000000 00:00 0 
7fc000e15000-7fc000eae000 ---p 00000000 00:00 0 
7fc000eae000-7fc000ec3000 rw-p 00000000 00:00 0 
7fc000ec3000-7fc00126f000 ---p 00000000 00:00 0 
7fc00126f000-7fc001289000 r-xp 00000000 08:03 1318235                    /opt/android-studio/jre/jre/lib/amd64/libzip.so
7fc001289000-7fc001489000 ---p 0001a000 08:03 1318235                    /opt/android-studio/jre/jre/lib/amd64/libzip.so
7fc001489000-7fc00148a000 r--p 0001a000 08:03 1318235                    /opt/android-studio/jre/jre/lib/amd64/libzip.so
7fc00148a000-7fc00148b000 rw-p 0001b000 08:03 1318235                    /opt/android-studio/jre/jre/lib/amd64/libzip.so
7fc00148b000-7fc001496000 r-xp 00000000 08:03 3147899                    /usr/lib/libnss_files-2.26.so
7fc001496000-7fc001695000 ---p 0000b000 08:03 3147899                    /usr/lib/libnss_files-2.26.so
7fc001695000-7fc001696000 r--p 0000a000 08:03 3147899                    /usr/lib/libnss_files-2.26.so
7fc001696000-7fc001697000 rw-p 0000b000 08:03 3147899                    /usr/lib/libnss_files-2.26.so
7fc001697000-7fc00169d000 rw-p 00000000 00:00 0 
7fc00169d000-7fc0016a8000 r-xp 00000000 08:03 3147897                    /usr/lib/libnss_nis-2.26.so
7fc0016a8000-7fc0018a7000 ---p 0000b000 08:03 3147897                    /usr/lib/libnss_nis-2.26.so
7fc0018a7000-7fc0018a8000 r--p 0000a000 08:03 3147897                    /usr/lib/libnss_nis-2.26.so
7fc0018a8000-7fc0018a9000 rw-p 0000b000 08:03 3147897                    /usr/lib/libnss_nis-2.26.so
7fc0018a9000-7fc0018bd000 r-xp 00000000 08:03 3147893                    /usr/lib/libnsl-2.26.so
7fc0018bd000-7fc001abd000 ---p 00014000 08:03 3147893                    /usr/lib/libnsl-2.26.so
7fc001abd000-7fc001abe000 r--p 00014000 08:03 3147893                    /usr/lib/libnsl-2.26.so
7fc001abe000-7fc001abf000 rw-p 00015000 08:03 3147893                    /usr/lib/libnsl-2.26.so
7fc001abf000-7fc001ac1000 rw-p 00000000 00:00 0 
7fc001ac1000-7fc001ac8000 r-xp 00000000 08:03 3147902                    /usr/lib/libnss_compat-2.26.so
7fc001ac8000-7fc001cc7000 ---p 00007000 08:03 3147902                    /usr/lib/libnss_compat-2.26.so
7fc001cc7000-7fc001cc8000 r--p 00006000 08:03 3147902                    /usr/lib/libnss_compat-2.26.so
7fc001cc8000-7fc001cc9000 rw-p 00007000 08:03 3147902                    /usr/lib/libnss_compat-2.26.so
7fc001cc9000-7fc001cf6000 r-xp 00000000 08:03 1318243                    /opt/android-studio/jre/jre/lib/amd64/libjava.so
7fc001cf6000-7fc001ef5000 ---p 0002d000 08:03 1318243                    /opt/android-studio/jre/jre/lib/amd64/libjava.so
7fc001ef5000-7fc001ef6000 r--p 0002c000 08:03 1318243                    /opt/android-studio/jre/jre/lib/amd64/libjava.so
7fc001ef6000-7fc001ef8000 rw-p 0002d000 08:03 1318243                    /opt/android-studio/jre/jre/lib/amd64/libjava.so
7fc001ef8000-7fc001f08000 r-xp 00000000 08:03 1318252                    /opt/android-studio/jre/jre/lib/amd64/libverify.so
7fc001f08000-7fc002107000 ---p 00010000 08:03 1318252                    /opt/android-studio/jre/jre/lib/amd64/libverify.so
7fc002107000-7fc002109000 r--p 0000f000 08:03 1318252                    /opt/android-studio/jre/jre/lib/amd64/libverify.so
7fc002109000-7fc00210a000 rw-p 00011000 08:03 1318252                    /opt/android-studio/jre/jre/lib/amd64/libverify.so
7fc00210a000-7fc002111000 r-xp 00000000 08:03 3147891                    /usr/lib/librt-2.26.so
7fc002111000-7fc002310000 ---p 00007000 08:03 3147891                    /usr/lib/librt-2.26.so
7fc002310000-7fc002311000 r--p 00006000 08:03 3147891                    /usr/lib/librt-2.26.so
7fc002311000-7fc002312000 rw-p 00007000 08:03 3147891                    /usr/lib/librt-2.26.so
7fc002312000-7fc00245d000 r-xp 00000000 08:03 3147894                    /usr/lib/libm-2.26.so
7fc00245d000-7fc00265c000 ---p 0014b000 08:03 3147894                    /usr/lib/libm-2.26.so
7fc00265c000-7fc00265d000 r--p 0014a000 08:03 3147894                    /usr/lib/libm-2.26.so
7fc00265d000-7fc00265e000 rw-p 0014b000 08:03 3147894                    /usr/lib/libm-2.26.so
7fc00265e000-7fc00324f000 r-xp 00000000 08:03 1318273                    /opt/android-studio/jre/jre/lib/amd64/server/libjvm.so
7fc00324f000-7fc00344f000 ---p 00bf1000 08:03 1318273                    /opt/android-studio/jre/jre/lib/amd64/server/libjvm.so
7fc00344f000-7fc0034ee000 r--p 00bf1000 08:03 1318273                    /opt/android-studio/jre/jre/lib/amd64/server/libjvm.so
7fc0034ee000-7fc003517000 rw-p 00c90000 08:03 1318273                    /opt/android-studio/jre/jre/lib/amd64/server/libjvm.so
7fc003517000-7fc00355b000 rw-p 00000000 00:00 0 
7fc00355b000-7fc003574000 r-xp 00000000 08:03 3147968                    /usr/lib/libpthread-2.26.so
7fc003574000-7fc003773000 ---p 00019000 08:03 3147968                    /usr/lib/libpthread-2.26.so
7fc003773000-7fc003774000 r--p 00018000 08:03 3147968                    /usr/lib/libpthread-2.26.so
7fc003774000-7fc003775000 rw-p 00019000 08:03 3147968                    /usr/lib/libpthread-2.26.so
7fc003775000-7fc003779000 rw-p 00000000 00:00 0 
7fc003779000-7fc00377c000 r-xp 00000000 08:03 3147895                    /usr/lib/libdl-2.26.so
7fc00377c000-7fc00397b000 ---p 00003000 08:03 3147895                    /usr/lib/libdl-2.26.so
7fc00397b000-7fc00397c000 r--p 00002000 08:03 3147895                    /usr/lib/libdl-2.26.so
7fc00397c000-7fc00397d000 rw-p 00003000 08:03 3147895                    /usr/lib/libdl-2.26.so
7fc00397d000-7fc003b2b000 r-xp 00000000 08:03 3147949                    /usr/lib/libc-2.26.so
7fc003b2b000-7fc003d2a000 ---p 001ae000 08:03 3147949                    /usr/lib/libc-2.26.so
7fc003d2a000-7fc003d2e000 r--p 001ad000 08:03 3147949                    /usr/lib/libc-2.26.so
7fc003d2e000-7fc003d30000 rw-p 001b1000 08:03 3147949                    /usr/lib/libc-2.26.so
7fc003d30000-7fc003d34000 rw-p 00000000 00:00 0 
7fc003d34000-7fc003d4a000 r-xp 00000000 08:03 1318190                    /opt/android-studio/jre/lib/amd64/jli/libjli.so
7fc003d4a000-7fc003f49000 ---p 00016000 08:03 1318190                    /opt/android-studio/jre/lib/amd64/jli/libjli.so
7fc003f49000-7fc003f4a000 r--p 00015000 08:03 1318190                    /opt/android-studio/jre/lib/amd64/jli/libjli.so
7fc003f4a000-7fc003f4b000 rw-p 00016000 08:03 1318190                    /opt/android-studio/jre/lib/amd64/jli/libjli.so
7fc003f4b000-7fc003f70000 r-xp 00000000 08:03 3147950                    /usr/lib/ld-2.26.so
7fc003f8d000-7fc004031000 rw-p 00000000 00:00 0 
7fc004031000-7fc004034000 ---p 00000000 00:00 0 
7fc004034000-7fc004134000 rw-p 00000000 00:00 0 
7fc004140000-7fc004141000 r--p 00000000 08:03 3149408                    /usr/share/locale/en_GB/LC_MESSAGES/libc.mo
7fc004141000-7fc00414f000 r--s 000e0000 08:03 5514764                    /home/refmitchell/Android/Sdk/build-tools/25.0.0/lib/dx.jar
7fc00414f000-7fc004163000 rw-p 00000000 00:00 0 
7fc004163000-7fc00416b000 rw-s 00000000 00:24 85383                      /tmp/hsperfdata_refmitchell/5149
7fc00416b000-7fc00416c000 rw-p 00000000 00:00 0 
7fc00416c000-7fc00416d000 ---p 00000000 00:00 0 
7fc00416d000-7fc00416f000 rw-p 00000000 00:00 0 
7fc00416f000-7fc004170000 r--p 00024000 08:03 3147950                    /usr/lib/ld-2.26.so
7fc004170000-7fc004171000 rw-p 00025000 08:03 3147950                    /usr/lib/ld-2.26.so
7fc004171000-7fc004172000 rw-p 00000000 00:00 0 
7ffe20526000-7ffe20547000 rw-p 00000000 00:00 0                          [stack]
7ffe205fb000-7ffe205fe000 r--p 00000000 00:00 0                          [vvar]
7ffe205fe000-7ffe20600000 r-xp 00000000 00:00 0                          [vdso]
ffffffffff600000-ffffffffff601000 r-xp 00000000 00:00 0                  [vsyscall]

VM Arguments:
jvm_args: -Djava.awt.headless=true -Xmx1024M -Dfile.encoding=UTF-8 -Duser.country=GB -Duser.language=en -Duser.variant 
java_command: com.android.dx.command.Main --dex --num-threads=4 --output /home/refmitchell/Uni/4/Project/antbot_rob/AntEye/build/intermediates/pre-dexed/debug/debug_0905c26263e2f5bb0fb6591f95a8f30ef6901bfc.jar /home/refmitchell/Uni/4/Project/antbot_rob/AntEye/build/intermediates/classes/debug
java_class_path (initial): /home/refmitchell/Android/Sdk/build-tools/25.0.0/lib/dx.jar
Launcher Type: SUN_STANDARD

Environment Variables:
PATH=/usr/local/sbin:/usr/local/bin:/usr/bin:/opt/android-sdk/platform-tools:/opt/android-sdk/tools:/opt/android-sdk/tools/bin:/usr/lib/jvm/default/bin:/usr/bin/site_perl:/usr/bin/vendor_perl:/usr/bin/core_perl
USERNAME=refmitchell
LD_LIBRARY_PATH=/opt/android-studio/bin:
SHELL=/bin/bash
DISPLAY=:0

Signal Handlers:
SIGSEGV: [libjvm.so+0x9e5150], sa_mask[0]=11111111011111111101111111111110, sa_flags=SA_RESTART|SA_SIGINFO
SIGBUS: [libjvm.so+0x9e5150], sa_mask[0]=11111111011111111101111111111110, sa_flags=SA_RESTART|SA_SIGINFO
SIGFPE: [libjvm.so+0x848450], sa_mask[0]=11111111011111111101111111111110, sa_flags=SA_RESTART|SA_SIGINFO
SIGPIPE: [libjvm.so+0x848450], sa_mask[0]=11111111011111111101111111111110, sa_flags=SA_RESTART|SA_SIGINFO
SIGXFSZ: [libjvm.so+0x848450], sa_mask[0]=11111111011111111101111111111110, sa_flags=SA_RESTART|SA_SIGINFO
SIGILL: [libjvm.so+0x848450], sa_mask[0]=11111111011111111101111111111110, sa_flags=SA_RESTART|SA_SIGINFO
SIGUSR1: SIG_DFL, sa_mask[0]=00000000000000000000000000000000, sa_flags=none
SIGUSR2: [libjvm.so+0x848320], sa_mask[0]=00100000000000000000000000000000, sa_flags=SA_RESTART|SA_SIGINFO
SIGHUP: [libjvm.so+0x848510], sa_mask[0]=11111111011111111101111111111110, sa_flags=SA_RESTART|SA_SIGINFO
SIGINT: [libjvm.so+0x848510], sa_mask[0]=11111111011111111101111111111110, sa_flags=SA_RESTART|SA_SIGINFO
SIGTERM: [libjvm.so+0x848510], sa_mask[0]=11111111011111111101111111111110, sa_flags=SA_RESTART|SA_SIGINFO
SIGQUIT: [libjvm.so+0x848510], sa_mask[0]=11111111011111111101111111111110, sa_flags=SA_RESTART|SA_SIGINFO


---------------  S Y S T E M  ---------------

OS:NAME="Arch Linux"
PRETTY_NAME="Arch Linux"
ID=arch
ID_LIKE=archlinux
ANSI_COLOR="0;36"
HOME_URL="https://www.archlinux.org/"
SUPPORT_URL="https://bbs.archlinux.org/"
BUG_REPORT_URL="https://bugs.archlinux.org/"


uname:Linux 4.13.3-1-ARCH #1 SMP PREEMPT Thu Sep 21 20:33:16 CEST 2017 x86_64
libc:glibc 2.26 NPTL 2.26 
rlimit: STACK 8192k, CORE infinity, NPROC 14974, NOFILE 4096, AS infinity
load average:5.91 2.78 1.61

/proc/meminfo:
MemTotal:        3844076 kB
MemFree:          110084 kB
MemAvailable:      14464 kB
Buffers:             340 kB
Cached:           362376 kB
SwapCached:            0 kB
Active:          3163520 kB
Inactive:         357888 kB
Active(anon):    3160428 kB
Inactive(anon):   347808 kB
Active(file):       3092 kB
Inactive(file):    10080 kB
Unevictable:          56 kB
Mlocked:              56 kB
SwapTotal:             0 kB
SwapFree:              0 kB
Dirty:               152 kB
Writeback:             0 kB
AnonPages:       3158760 kB
Mapped:            65484 kB
Shmem:            349532 kB
Slab:              78620 kB
SReclaimable:      34776 kB
SUnreclaim:        43844 kB
KernelStack:       14528 kB
PageTables:        71388 kB
NFS_Unstable:          0 kB
Bounce:                0 kB
WritebackTmp:          0 kB
CommitLimit:     1922036 kB
Committed_AS:   10112540 kB
VmallocTotal:   34359738367 kB
VmallocUsed:           0 kB
VmallocChunk:          0 kB
HardwareCorrupted:     0 kB
AnonHugePages:    602112 kB
ShmemHugePages:        0 kB
ShmemPmdMapped:        0 kB
HugePages_Total:       0
HugePages_Free:        0
HugePages_Rsvd:        0
HugePages_Surp:        0
Hugepagesize:       2048 kB
DirectMap4k:      147516 kB
DirectMap2M:     3837952 kB


CPU:total 4 (2 cores per cpu, 2 threads per core) family 6 model 37 stepping 5, cmov, cx8, fxsr, mmx, sse, sse2, sse3, ssse3, sse4.1, sse4.2, popcnt, aes, clmul, ht, tsc, tscinvbit

/proc/cpuinfo:
processor	: 0
vendor_id	: GenuineIntel
cpu family	: 6
model		: 37
model name	: Intel(R) Core(TM) i5 CPU       M 520  @ 2.40GHz
stepping	: 5
microcode	: 0x4
cpu MHz		: 2393.774
cache size	: 3072 KB
physical id	: 0
siblings	: 4
core id		: 0
cpu cores	: 2
apicid		: 0
initial apicid	: 0
fpu		: yes
fpu_exception	: yes
cpuid level	: 11
wp		: yes
flags		: fpu vme de pse tsc msr pae mce cx8 apic sep mtrr pge mca cmov pat pse36 clflush dts acpi mmx fxsr sse sse2 ss ht tm pbe syscall nx rdtscp lm constant_tsc arch_perfmon pebs bts rep_good nopl xtopology nonstop_tsc cpuid aperfmperf pni pclmulqdq dtes64 monitor ds_cpl vmx smx est tm2 ssse3 cx16 xtpr pdcm pcid sse4_1 sse4_2 popcnt aes lahf_lm tpr_shadow vnmi flexpriority ept vpid dtherm ida arat
bugs		:
bogomips	: 4789.02
clflush size	: 64
cache_alignment	: 64
address sizes	: 36 bits physical, 48 bits virtual
power management:

processor	: 1
vendor_id	: GenuineIntel
cpu family	: 6
model		: 37
model name	: Intel(R) Core(TM) i5 CPU       M 520  @ 2.40GHz
stepping	: 5
microcode	: 0x4
cpu MHz		: 2393.774
cache size	: 3072 KB
physical id	: 0
siblings	: 4
core id		: 0
cpu cores	: 2
apicid		: 1
initial apicid	: 1
fpu		: yes
fpu_exception	: yes
cpuid level	: 11
wp		: yes
flags		: fpu vme de pse tsc msr pae mce cx8 apic sep mtrr pge mca cmov pat pse36 clflush dts acpi mmx fxsr sse sse2 ss ht tm pbe syscall nx rdtscp lm constant_tsc arch_perfmon pebs bts rep_good nopl xtopology nonstop_tsc cpuid aperfmperf pni pclmulqdq dtes64 monitor ds_cpl vmx smx est tm2 ssse3 cx16 xtpr pdcm pcid sse4_1 sse4_2 popcnt aes lahf_lm tpr_shadow vnmi flexpriority ept vpid dtherm ida arat
bugs		:
bogomips	: 4789.44
clflush size	: 64
cache_alignment	: 64
address sizes	: 36 bits physical, 48 bits virtual
power management:

processor	: 2
vendor_id	: GenuineIntel
cpu family	: 6
model		: 37
model name	: Intel(R) Core(TM) i5 CPU       M 520  @ 2.40GHz
stepping	: 5
microcode	: 0x4
cpu MHz		: 2393.774
cache size	: 3072 KB
physical id	: 0
siblings	: 4
core id		: 2
cpu cores	: 2
apicid		: 4
initial apicid	: 4
fpu		: yes
fpu_exception	: yes
cpuid level	: 11
wp		: yes
flags		: fpu vme de pse tsc msr pae mce cx8 apic sep mtrr pge mca cmov pat pse36 clflush dts acpi mmx fxsr sse sse2 ss ht tm pbe syscall nx rdtscp lm constant_tsc arch_perfmon pebs bts rep_good nopl xtopology nonstop_tsc cpuid aperfmperf pni pclmulqdq dtes64 monitor ds_cpl vmx smx est tm2 ssse3 cx16 xtpr pdcm pcid sse4_1 sse4_2 popcnt aes lahf_lm tpr_shadow vnmi flexpriority ept vpid dtherm ida arat
bugs		:
bogomips	: 4789.48
clflush size	: 64
cache_alignment	: 64
address sizes	: 36 bits physical, 48 bits virtual
power management:

processor	: 3
vendor_id	: GenuineIntel
cpu family	: 6
model		: 37
model name	: Intel(R) Core(TM) i5 CPU       M 520  @ 2.40GHz
stepping	: 5
microcode	: 0x4
cpu MHz		: 2393.774
cache size	: 3072 KB
physical id	: 0
siblings	: 4
core id		: 2
cpu cores	: 2
apicid		: 5
initial apicid	: 5
fpu		: yes
fpu_exception	: yes
cpuid level	: 11
wp		: yes
flags		: fpu vme de pse tsc msr pae mce cx8 apic sep mtrr pge mca cmov pat pse36 clflush dts acpi mmx fxsr sse sse2 ss ht tm pbe syscall nx rdtscp lm constant_tsc arch_perfmon pebs bts rep_good nopl xtopology nonstop_tsc cpuid aperfmperf pni pclmulqdq dtes64 monitor ds_cpl vmx smx est tm2 ssse3 cx16 xtpr pdcm pcid sse4_1 sse4_2 popcnt aes lahf_lm tpr_shadow vnmi flexpriority ept vpid dtherm ida arat
bugs		:
bogomips	: 4789.53
clflush size	: 64
cache_alignment	: 64
address sizes	: 36 bits physical, 48 bits virtual
power management:



Memory: 4k page, physical 3844076k(102940k free), swap 0k(0k free)

vm_info: OpenJDK 64-Bit Server VM (25.112-b06) for linux-amd64 JRE (1.8.0_112-release-b06), built on Dec  6 2016 12:11:18 by "builder" with gcc 4.8.4

time: Fri Oct 27 13:35:52 2017
elapsed time: 26 seconds (0d 0h 0m 26s)

