This is pdfTeX, Version 3.14159265-2.6-1.40.18 (TeX Live 2017/Debian) (preloaded format=pdflatex 2018.11.14)  3 JAN 2019 17:47
entering extended mode
 restricted \write18 enabled.
 %&-line parsing enabled.
**working
(./working.tex
LaTeX2e <2017-04-15>
Babel <3.18> and hyphenation patterns for 3 language(s) loaded.
(/usr/share/texlive/texmf-dist/tex/latex/base/article.cls
Document Class: article 2014/09/29 v1.4h Standard LaTeX document class
(/usr/share/texlive/texmf-dist/tex/latex/base/size11.clo
File: size11.clo 2014/09/29 v1.4h Standard LaTeX file (size option)
)
\c@part=\count79
\c@section=\count80
\c@subsection=\count81
\c@subsubsection=\count82
\c@paragraph=\count83
\c@subparagraph=\count84
\c@figure=\count85
\c@table=\count86
\abovecaptionskip=\skip41
\belowcaptionskip=\skip42
\bibindent=\dimen102
)
(/usr/share/texlive/texmf-dist/tex/latex/appendix/appendix.sty
Package: appendix 2009/09/02 v1.2b extra appendix facilities
\c@@pps=\count87
\c@@ppsavesec=\count88
\c@@ppsaveapp=\count89
)
(/usr/share/texlive/texmf-dist/tex/latex/amsmath/amsmath.sty
Package: amsmath 2017/09/02 v2.17a AMS math features
\@mathmargin=\skip43

For additional information on amsmath, use the `?' option.
(/usr/share/texlive/texmf-dist/tex/latex/amsmath/amstext.sty
Package: amstext 2000/06/29 v2.01 AMS text

(/usr/share/texlive/texmf-dist/tex/latex/amsmath/amsgen.sty
File: amsgen.sty 1999/11/30 v2.0 generic functions
\@emptytoks=\toks14
\ex@=\dimen103
))
(/usr/share/texlive/texmf-dist/tex/latex/amsmath/amsbsy.sty
Package: amsbsy 1999/11/29 v1.2d Bold Symbols
\pmbraise@=\dimen104
)
(/usr/share/texlive/texmf-dist/tex/latex/amsmath/amsopn.sty
Package: amsopn 2016/03/08 v2.02 operator names
)
\inf@bad=\count90
LaTeX Info: Redefining \frac on input line 213.
\uproot@=\count91
\leftroot@=\count92
LaTeX Info: Redefining \overline on input line 375.
\classnum@=\count93
\DOTSCASE@=\count94
LaTeX Info: Redefining \ldots on input line 472.
LaTeX Info: Redefining \dots on input line 475.
LaTeX Info: Redefining \cdots on input line 596.
\Mathstrutbox@=\box26
\strutbox@=\box27
\big@size=\dimen105
LaTeX Font Info:    Redeclaring font encoding OML on input line 712.
LaTeX Font Info:    Redeclaring font encoding OMS on input line 713.
\macc@depth=\count95
\c@MaxMatrixCols=\count96
\dotsspace@=\muskip10
\c@parentequation=\count97
\dspbrk@lvl=\count98
\tag@help=\toks15
\row@=\count99
\column@=\count100
\maxfields@=\count101
\andhelp@=\toks16
\eqnshift@=\dimen106
\alignsep@=\dimen107
\tagshift@=\dimen108
\tagwidth@=\dimen109
\totwidth@=\dimen110
\lineht@=\dimen111
\@envbody=\toks17
\multlinegap=\skip44
\multlinetaggap=\skip45
\mathdisplay@stack=\toks18
LaTeX Info: Redefining \[ on input line 2817.
LaTeX Info: Redefining \] on input line 2818.
)
(/usr/share/texlive/texmf-dist/tex/latex/geometry/geometry.sty
Package: geometry 2010/09/12 v5.6 Page Geometry

(/usr/share/texlive/texmf-dist/tex/latex/graphics/keyval.sty
Package: keyval 2014/10/28 v1.15 key=value parser (DPC)
\KV@toks@=\toks19
)
(/usr/share/texlive/texmf-dist/tex/generic/oberdiek/ifpdf.sty
Package: ifpdf 2017/03/15 v3.2 Provides the ifpdf switch
)
(/usr/share/texlive/texmf-dist/tex/generic/oberdiek/ifvtex.sty
Package: ifvtex 2016/05/16 v1.6 Detect VTeX and its facilities (HO)
Package ifvtex Info: VTeX not detected.
)
(/usr/share/texlive/texmf-dist/tex/generic/ifxetex/ifxetex.sty
Package: ifxetex 2010/09/12 v0.6 Provides ifxetex conditional
)
\Gm@cnth=\count102
\Gm@cntv=\count103
\c@Gm@tempcnt=\count104
\Gm@bindingoffset=\dimen112
\Gm@wd@mp=\dimen113
\Gm@odd@mp=\dimen114
\Gm@even@mp=\dimen115
\Gm@layoutwidth=\dimen116
\Gm@layoutheight=\dimen117
\Gm@layouthoffset=\dimen118
\Gm@layoutvoffset=\dimen119
\Gm@dimlist=\toks20
)
(/usr/share/texlive/texmf-dist/tex/latex/graphics/graphicx.sty
Package: graphicx 2017/06/01 v1.1a Enhanced LaTeX Graphics (DPC,SPQR)

(/usr/share/texlive/texmf-dist/tex/latex/graphics/graphics.sty
Package: graphics 2017/06/25 v1.2c Standard LaTeX Graphics (DPC,SPQR)

(/usr/share/texlive/texmf-dist/tex/latex/graphics/trig.sty
Package: trig 2016/01/03 v1.10 sin cos tan (DPC)
)
(/usr/share/texlive/texmf-dist/tex/latex/graphics-cfg/graphics.cfg
File: graphics.cfg 2016/06/04 v1.11 sample graphics configuration
)
Package graphics Info: Driver file: pdftex.def on input line 99.

(/usr/share/texlive/texmf-dist/tex/latex/graphics-def/pdftex.def
File: pdftex.def 2018/01/08 v1.0l Graphics/color driver for pdftex
))
\Gin@req@height=\dimen120
\Gin@req@width=\dimen121
)
(/usr/share/texlive/texmf-dist/tex/latex/caption/subcaption.sty
Package: subcaption 2016/05/22 v1.1-161 Sub-captions (AR)

(/usr/share/texlive/texmf-dist/tex/latex/caption/caption.sty
Package: caption 2016/02/21 v3.3-144 Customizing captions (AR)

(/usr/share/texlive/texmf-dist/tex/latex/caption/caption3.sty
Package: caption3 2016/05/22 v1.7-166 caption3 kernel (AR)
Package caption3 Info: TeX engine: e-TeX on input line 67.
\captionmargin=\dimen122
\captionmargin@=\dimen123
\captionwidth=\dimen124
\caption@tempdima=\dimen125
\caption@indent=\dimen126
\caption@parindent=\dimen127
\caption@hangindent=\dimen128
)
\c@ContinuedFloat=\count105
)
\c@subfigure=\count106
\c@subtable=\count107
)
(/usr/share/texlive/texmf-dist/tex/latex/multirow/multirow.sty
Package: multirow 2016/11/25 v2.2 Span multiple rows of a table
\multirow@colwidth=\skip46
\multirow@cntb=\count108
\multirow@dima=\skip47
\bigstrutjot=\dimen129
)
(/usr/share/texlive/texmf-dist/tex/latex/placeins/placeins.sty
Package: placeins 2005/04/18  v 2.2
)
(/usr/share/texlive/texmf-dist/tex/latex/tools/array.sty
Package: array 2016/10/06 v2.4d Tabular extension package (FMi)
\col@sep=\dimen130
\extrarowheight=\dimen131
\NC@list=\toks21
\extratabsurround=\skip48
\backup@length=\skip49
)
(/usr/share/texlive/texmf-dist/tex/latex/tocbibind/tocbibind.sty
Package: tocbibind 2010/10/13 v1.5k extra ToC listings
Package tocbibind Info: The document has section divisions on input line 50.


Package tocbibind Note: Using section or other style headings.

)

LaTeX Warning: Unused global option(s):
    [openright].

(./working.aux)
\openout1 = `working.aux'.

LaTeX Font Info:    Checking defaults for OML/cmm/m/it on input line 32.
LaTeX Font Info:    ... okay on input line 32.
LaTeX Font Info:    Checking defaults for T1/cmr/m/n on input line 32.
LaTeX Font Info:    ... okay on input line 32.
LaTeX Font Info:    Checking defaults for OT1/cmr/m/n on input line 32.
LaTeX Font Info:    ... okay on input line 32.
LaTeX Font Info:    Checking defaults for OMS/cmsy/m/n on input line 32.
LaTeX Font Info:    ... okay on input line 32.
LaTeX Font Info:    Checking defaults for OMX/cmex/m/n on input line 32.
LaTeX Font Info:    ... okay on input line 32.
LaTeX Font Info:    Checking defaults for U/cmr/m/n on input line 32.
LaTeX Font Info:    ... okay on input line 32.

*geometry* driver: auto-detecting
*geometry* detected driver: pdftex
*geometry* verbose mode - [ preamble ] result:
* driver: pdftex
* paper: a4paper
* layout: <same size as paper>
* layoutoffset:(h,v)=(0.0pt,0.0pt)
* modes: twoside 
* h-part:(L,W,R)=(72.26999pt, 452.9679pt, 72.26999pt)
* v-part:(T,H,B)=(72.26999pt, 700.50687pt, 72.26999pt)
* \paperwidth=597.50787pt
* \paperheight=845.04684pt
* \textwidth=452.9679pt
* \textheight=700.50687pt
* \oddsidemargin=0.0pt
* \evensidemargin=0.0pt
* \topmargin=-37.0pt
* \headheight=12.0pt
* \headsep=25.0pt
* \topskip=11.0pt
* \footskip=30.0pt
* \marginparwidth=103.0pt
* \marginparsep=10.0pt
* \columnsep=10.0pt
* \skip\footins=10.0pt plus 4.0pt minus 2.0pt
* \hoffset=0.0pt
* \voffset=0.0pt
* \mag=1000
* \@twocolumnfalse
* \@twosidetrue
* \@mparswitchtrue
* \@reversemarginfalse
* (1in=72.27pt=25.4mm, 1cm=28.453pt)

(/usr/share/texlive/texmf-dist/tex/context/base/mkii/supp-pdf.mkii
[Loading MPS to PDF converter (version 2006.09.02).]
\scratchcounter=\count109
\scratchdimen=\dimen132
\scratchbox=\box28
\nofMPsegments=\count110
\nofMParguments=\count111
\everyMPshowfont=\toks22
\MPscratchCnt=\count112
\MPscratchDim=\dimen133
\MPnumerator=\count113
\makeMPintoPDFobject=\count114
\everyMPtoPDFconversion=\toks23
) (/usr/share/texlive/texmf-dist/tex/latex/oberdiek/epstopdf-base.sty
Package: epstopdf-base 2016/05/15 v2.6 Base part for package epstopdf

(/usr/share/texlive/texmf-dist/tex/generic/oberdiek/infwarerr.sty
Package: infwarerr 2016/05/16 v1.4 Providing info/warning/error messages (HO)
)
(/usr/share/texlive/texmf-dist/tex/latex/oberdiek/grfext.sty
Package: grfext 2016/05/16 v1.2 Manage graphics extensions (HO)

(/usr/share/texlive/texmf-dist/tex/generic/oberdiek/kvdefinekeys.sty
Package: kvdefinekeys 2016/05/16 v1.4 Define keys (HO)

(/usr/share/texlive/texmf-dist/tex/generic/oberdiek/ltxcmds.sty
Package: ltxcmds 2016/05/16 v1.23 LaTeX kernel commands for general use (HO)
)))
(/usr/share/texlive/texmf-dist/tex/latex/oberdiek/kvoptions.sty
Package: kvoptions 2016/05/16 v3.12 Key value format for package options (HO)

(/usr/share/texlive/texmf-dist/tex/generic/oberdiek/kvsetkeys.sty
Package: kvsetkeys 2016/05/16 v1.17 Key value parser (HO)

(/usr/share/texlive/texmf-dist/tex/generic/oberdiek/etexcmds.sty
Package: etexcmds 2016/05/16 v1.6 Avoid name clashes with e-TeX commands (HO)

(/usr/share/texlive/texmf-dist/tex/generic/oberdiek/ifluatex.sty
Package: ifluatex 2016/05/16 v1.4 Provides the ifluatex switch (HO)
Package ifluatex Info: LuaTeX not detected.
)
Package etexcmds Info: Could not find \expanded.
(etexcmds)             That can mean that you are not using pdfTeX 1.50 or
(etexcmds)             that some package has redefined \expanded.
(etexcmds)             In the latter case, load this package earlier.
)))
(/usr/share/texlive/texmf-dist/tex/generic/oberdiek/pdftexcmds.sty
Package: pdftexcmds 2018/01/21 v0.26 Utility functions of pdfTeX for LuaTeX (HO
)
Package pdftexcmds Info: LuaTeX not detected.
Package pdftexcmds Info: \pdf@primitive is available.
Package pdftexcmds Info: \pdf@ifprimitive is available.
Package pdftexcmds Info: \pdfdraftmode found.
)
Package epstopdf-base Info: Redefining graphics rule for `.eps' on input line 4
38.
Package grfext Info: Graphics extension search list:
(grfext)             [.pdf,.png,.jpg,.mps,.jpeg,.jbig2,.jb2,.PDF,.PNG,.JPG,.JPE
G,.JBIG2,.JB2,.eps]
(grfext)             \AppendGraphicsExtensions on input line 456.

(/usr/share/texlive/texmf-dist/tex/latex/latexconfig/epstopdf-sys.cfg
File: epstopdf-sys.cfg 2010/07/13 v1.3 Configuration of (r)epstopdf for TeX Liv
e
))
Package caption Info: Begin \AtBeginDocument code.
Package caption Info: End \AtBeginDocument code.

[1

{/var/lib/texmf/fonts/map/pdftex/updmap/pdftex.map}] [2] [1] [2] [3] [4]
[5] [6

] (./working.toc [7])
\tf@toc=\write3
\openout3 = `working.toc'.

 [8] (./working.lof [9

] [10])
\tf@lof=\write4
\openout4 = `working.lof'.

 [11] [12

]
(./working.lot)
\tf@lot=\write5
\openout5 = `working.lot'.

 [13] [14] [1

] [2] [3] [4

]
<Images/LowOFModel.png, id=77, 879.285pt x 502.87875pt>
File: Images/LowOFModel.png Graphic file (type png)
<use Images/LowOFModel.png>
Package pdftex.def Info: Images/LowOFModel.png  used on input line 312.
(pdftex.def)             Requested size: 407.66833pt x 233.1456pt.
 [5] [6 <./Images/LowOFModel.png>]
<Images/Stewart2010CAModel.png, id=87, 1046.91125pt x 770.88pt>
File: Images/Stewart2010CAModel.png Graphic file (type png)
<use Images/Stewart2010CAModel.png>
Package pdftex.def Info: Images/Stewart2010CAModel.png  used on input line 371.

(pdftex.def)             Requested size: 407.66833pt x 300.17148pt.

[7 <./Images/Stewart2010CAModel.png>]
<Images/Ardin2010MBModel.PNG, id=92, 523.83705pt x 395.91914pt>
File: Images/Ardin2010MBModel.PNG Graphic file (type png)
<use Images/Ardin2010MBModel.PNG>
Package pdftex.def Info: Images/Ardin2010MBModel.PNG  used on input line 420.
(pdftex.def)             Requested size: 407.66833pt x 308.12698pt.
 [8] [9 <./Images/Ardin2010MBModel.PNG>]
<Images/Willshaw1969Model.png, id=100, 830.10126pt x 829.0975pt>
File: Images/Willshaw1969Model.png Graphic file (type png)
<use Images/Willshaw1969Model.png>
Package pdftex.def Info: Images/Willshaw1969Model.png  used on input line 484.
(pdftex.def)             Requested size: 226.48395pt x 226.19975pt.

[10 <./Images/Willshaw1969Model.png>]
<Images/WillshawMB.png, id=105, 719.68875pt x 1149.29375pt>
File: Images/WillshawMB.png Graphic file (type png)
<use Images/WillshawMB.png>
Package pdftex.def Info: Images/WillshawMB.png  used on input line 503.
(pdftex.def)             Requested size: 181.18439pt x 289.33946pt.
 [11 <./Images/WillshawMB.png>] [12

]
<Images/KogetoDot.jpeg, id=114, 351.3125pt x 351.3125pt>
File: Images/KogetoDot.jpeg Graphic file (type jpg)
<use Images/KogetoDot.jpeg>
Package pdftex.def Info: Images/KogetoDot.jpeg  used on input line 550.
(pdftex.def)             Requested size: 183.4495pt x 183.45546pt.
<Images/PanoramicView.jpg, id=115, 614.295pt x 614.295pt>
File: Images/PanoramicView.jpg Graphic file (type jpg)
<use Images/PanoramicView.jpg>
Package pdftex.def Info: Images/PanoramicView.jpg  used on input line 556.
(pdftex.def)             Requested size: 183.4495pt x 183.4463pt.

Underfull \vbox (badness 4886) has occurred while \output is active []

 [13 <./Images/KogetoDot.jpeg> <./Images/PanoramicView.jpg>] [14] [15]
<Images/AntBot.jpg, id=129, 3276.24pt x 2457.18pt>
File: Images/AntBot.jpg Graphic file (type jpg)
<use Images/AntBot.jpg>
Package pdftex.def Info: Images/AntBot.jpg  used on input line 697.
(pdftex.def)             Requested size: 317.07614pt x 237.78377pt.
<Images/AntBotCharging.JPG, id=130, 6006.44pt x 3388.66pt>
File: Images/AntBotCharging.JPG Graphic file (type jpg)
<use Images/AntBotCharging.JPG>
Package pdftex.def Info: Images/AntBotCharging.JPG  used on input line 698.
(pdftex.def)             Requested size: 317.07614pt x 178.85355pt.
 [16 <./Images/AntBot.jpg> <./Images/AntBotCharging.JPG>] [17

] [18] [19]
<Images/LucaFilterModel.png, id=145, 627.34375pt x 948.54375pt>
File: Images/LucaFilterModel.png Graphic file (type png)
<use Images/LucaFilterModel.png>
Package pdftex.def Info: Images/LucaFilterModel.png  used on input line 909.
(pdftex.def)             Requested size: 317.07614pt x 479.43777pt.
 [20] [21 <./Images/LucaFilterModel.png>]
<Images/MB-Bad-Familiarity.png, id=154, 980.66376pt x 731.73375pt>
File: Images/MB-Bad-Familiarity.png Graphic file (type png)
<use Images/MB-Bad-Familiarity.png>
Package pdftex.def Info: Images/MB-Bad-Familiarity.png  used on input line 964.

(pdftex.def)             Requested size: 317.07614pt x 236.58246pt.
<Images/MB-Good-Familiarity.png, id=155, 928.46875pt x 695.59875pt>
File: Images/MB-Good-Familiarity.png Graphic file (type png)
<use Images/MB-Good-Familiarity.png>
Package pdftex.def Info: Images/MB-Good-Familiarity.png  used on input line 976
.
(pdftex.def)             Requested size: 317.07614pt x 237.55122pt.
 [22] [23 <./Images/MB-Bad-Familiarity.png> <./Images/MB-Good-Familiarity.png>]
 [24] [25] [26

]
<Images/The-Arena.JPG, id=173, 6006.44pt x 3388.66pt>
File: Images/The-Arena.JPG Graphic file (type jpg)
<use Images/The-Arena.JPG>
Package pdftex.def Info: Images/The-Arena.JPG  used on input line 1050.
(pdftex.def)             Requested size: 317.07614pt x 178.85355pt.
<Images/Tussock.JPG, id=174, 6006.44pt x 3388.66pt>
File: Images/Tussock.JPG Graphic file (type jpg)
<use Images/Tussock.JPG>
Package pdftex.def Info: Images/Tussock.JPG  used on input line 1065.
(pdftex.def)             Requested size: 317.07614pt x 178.85355pt.


LaTeX Warning: `h' float specifier changed to `ht'.

[27 <./Images/The-Arena.JPG>]
<Images/Tussock-Interaction.JPG, id=179, 6006.44pt x 3388.66pt>
File: Images/Tussock-Interaction.JPG Graphic file (type jpg)
<use Images/Tussock-Interaction.JPG>
Package pdftex.def Info: Images/Tussock-Interaction.JPG  used on input line 108
6.
(pdftex.def)             Requested size: 317.07614pt x 178.85355pt.
 [28 <./Images/Tussock.JPG> <./Images/Tussock-Interaction.JPG>]
<Images/oneperquad.JPG, id=183, 6006.44pt x 3388.66pt>
File: Images/oneperquad.JPG Graphic file (type jpg)
<use Images/oneperquad.JPG>
Package pdftex.def Info: Images/oneperquad.JPG  used on input line 1117.
(pdftex.def)             Requested size: 317.07614pt x 178.85355pt.
<Images/twoperquad.JPG, id=184, 6006.44pt x 3388.66pt>
File: Images/twoperquad.JPG Graphic file (type jpg)
<use Images/twoperquad.JPG>
Package pdftex.def Info: Images/twoperquad.JPG  used on input line 1124.
(pdftex.def)             Requested size: 317.07614pt x 178.85355pt.


LaTeX Warning: `h' float specifier changed to `ht'.

<Images/threeperquad.JPG, id=185, 6006.44pt x 3388.66pt>
File: Images/threeperquad.JPG Graphic file (type jpg)
<use Images/threeperquad.JPG>
Package pdftex.def Info: Images/threeperquad.JPG  used on input line 1131.
(pdftex.def)             Requested size: 317.07614pt x 178.85355pt.

LaTeX Warning: `h' float specifier changed to `ht'.

[29 <./Images/oneperquad.JPG>] [30 <./Images/twoperquad.JPG> <./Images/threeper
quad.JPG>]
<Images/MAB-5-2-notscaled.png, id=192, 987.2082pt x 492.8814pt>
File: Images/MAB-5-2-notscaled.png Graphic file (type png)
<use Images/MAB-5-2-notscaled.png>
Package pdftex.def Info: Images/MAB-5-2-notscaled.png  used on input line 1175.

(pdftex.def)             Requested size: 407.66833pt x 203.53418pt.
<Images/MAB-5-2.png, id=193, 372.1905pt x 328.8285pt>
File: Images/MAB-5-2.png Graphic file (type png)
<use Images/MAB-5-2.png>
Package pdftex.def Info: Images/MAB-5-2.png  used on input line 1183.
(pdftex.def)             Requested size: 407.66833pt x 360.17209pt.
 [31 <./Images/MAB-5-2-notscaled.png>] [32 <./Images/MAB-5-2.png>]
<Images/OpticalFlowInconsistencies.png, id=202, 1817.79124pt x 812.03375pt>
File: Images/OpticalFlowInconsistencies.png Graphic file (type png)
<use Images/OpticalFlowInconsistencies.png>
Package pdftex.def Info: Images/OpticalFlowInconsistencies.png  used on input l
ine 1205.
(pdftex.def)             Requested size: 317.07614pt x 141.63719pt.

[33

 <./Images/OpticalFlowInconsistencies.png>]
Overfull \hbox (15.6534pt too wide) in paragraph at lines 1242--1271
[][] 
 []

[34]
<Images/TussockInFrame.png, id=212, 1029.8475pt x 116.435pt>
File: Images/TussockInFrame.png Graphic file (type png)
<use Images/TussockInFrame.png>
Package pdftex.def Info: Images/TussockInFrame.png  used on input line 1293.
(pdftex.def)             Requested size: 317.07614pt x 35.84752pt.
<Images/TussockInFront.JPG, id=213, 6006.44pt x 3388.66pt>
File: Images/TussockInFront.JPG Graphic file (type jpg)
<use Images/TussockInFront.JPG>
Package pdftex.def Info: Images/TussockInFront.JPG  used on input line 1294.
(pdftex.def)             Requested size: 317.07614pt x 178.85355pt.
<Images/Diagonal.JPG, id=214, 6006.44pt x 3388.66pt>
File: Images/Diagonal.JPG Graphic file (type jpg)
<use Images/Diagonal.JPG>
Package pdftex.def Info: Images/Diagonal.JPG  used on input line 1333.
(pdftex.def)             Requested size: 317.07614pt x 178.85355pt.
<Images/Curved.JPG, id=215, 6006.44pt x 3388.66pt>
File: Images/Curved.JPG Graphic file (type jpg)
<use Images/Curved.JPG>
Package pdftex.def Info: Images/Curved.JPG  used on input line 1341.
(pdftex.def)             Requested size: 317.07614pt x 178.85355pt.
<Images/Fluted.JPG, id=216, 6006.44pt x 3388.66pt>
File: Images/Fluted.JPG Graphic file (type jpg)
<use Images/Fluted.JPG>
Package pdftex.def Info: Images/Fluted.JPG  used on input line 1349.
(pdftex.def)             Requested size: 317.07614pt x 178.85355pt.
 [35 <./Images/TussockInFrame.png (PNG copy)> <./Images/TussockInFront.JPG>] [3
6 <./Images/Diagonal.JPG>] [37 <./Images/Curved.JPG> <./Images/Fluted.JPG>] [38
]

LaTeX Warning: No positions in optional float specifier.
               Default added (so using `tbp') on input line 1419.

[39] [40]
<Images/AB-4-1.png, id=236, 366.4089pt x 328.8285pt>
File: Images/AB-4-1.png Graphic file (type png)
<use Images/AB-4-1.png>
Package pdftex.def Info: Images/AB-4-1.png  used on input line 1459.
(pdftex.def)             Requested size: 317.07614pt x 284.55316pt.
<Images/AB-3-1.png, id=237, 367.1316pt x 328.8285pt>
File: Images/AB-3-1.png Graphic file (type png)
<use Images/AB-3-1.png>
Package pdftex.def Info: Images/AB-3-1.png  used on input line 1469.
(pdftex.def)             Requested size: 317.07614pt x 283.99622pt.
<Images/MAB-2-2.png, id=238, 372.1905pt x 328.8285pt>
File: Images/MAB-2-2.png Graphic file (type png)
<use Images/MAB-2-2.png>
Package pdftex.def Info: Images/MAB-2-2.png  used on input line 1498.
(pdftex.def)             Requested size: 317.07614pt x 280.13274pt.
<Images/AB-1-2.png, id=239, 367.1316pt x 328.8285pt>
File: Images/AB-1-2.png Graphic file (type png)
<use Images/AB-1-2.png>
Package pdftex.def Info: Images/AB-1-2.png  used on input line 1507.
(pdftex.def)             Requested size: 317.07614pt x 283.99622pt.
<Images/AB-3-2.png, id=240, 367.1316pt x 328.8285pt>
File: Images/AB-3-2.png Graphic file (type png)
<use Images/AB-3-2.png>
Package pdftex.def Info: Images/AB-3-2.png  used on input line 1522.
(pdftex.def)             Requested size: 317.07614pt x 283.99622pt.
 [41] [42 <./Images/AB-4-1.png> <./Images/AB-3-1.png>] [43 <./Images/MAB-2-2.pn
g> <./Images/AB-1-2.png>]
<Images/Homeward.png, id=254, 358.4592pt x 344.0052pt>
File: Images/Homeward.png Graphic file (type png)
<use Images/Homeward.png>
Package pdftex.def Info: Images/Homeward.png  used on input line 1553.
(pdftex.def)             Requested size: 452.9679pt x 434.72437pt.
 [44 <./Images/AB-3-2.png>] [45 <./Images/Homeward.png>] [46] [47

]
Underfull \vbox (badness 4341) has occurred while \output is active []

 [48]
[49] [50] (./working.bbl [51

]) [52]
<Images/AB-1-1.png, id=286, 367.1316pt x 328.8285pt>
File: Images/AB-1-1.png Graphic file (type png)
<use Images/AB-1-1.png>
Package pdftex.def Info: Images/AB-1-1.png  used on input line 1750.
(pdftex.def)             Requested size: 317.07614pt x 283.99622pt.
File: Images/AB-1-2.png Graphic file (type png)
<use Images/AB-1-2.png>
Package pdftex.def Info: Images/AB-1-2.png  used on input line 1758.
(pdftex.def)             Requested size: 317.07614pt x 283.99622pt.
<Images/AB-2-1.png, id=287, 367.1316pt x 328.8285pt>
File: Images/AB-2-1.png Graphic file (type png)
<use Images/AB-2-1.png>
Package pdftex.def Info: Images/AB-2-1.png  used on input line 1766.
(pdftex.def)             Requested size: 317.07614pt x 283.99622pt.


LaTeX Warning: `!h' float specifier changed to `!ht'.

<Images/AB-2-2.png, id=288, 367.1316pt x 328.8285pt>
File: Images/AB-2-2.png Graphic file (type png)
<use Images/AB-2-2.png>
Package pdftex.def Info: Images/AB-2-2.png  used on input line 1774.
(pdftex.def)             Requested size: 317.07614pt x 283.99622pt.

LaTeX Warning: `!h' float specifier changed to `!ht'.

File: Images/AB-3-1.png Graphic file (type png)
<use Images/AB-3-1.png>
Package pdftex.def Info: Images/AB-3-1.png  used on input line 1782.
(pdftex.def)             Requested size: 317.07614pt x 283.99622pt.

LaTeX Warning: `!h' float specifier changed to `!ht'.

File: Images/AB-3-2.png Graphic file (type png)
<use Images/AB-3-2.png>
Package pdftex.def Info: Images/AB-3-2.png  used on input line 1790.
(pdftex.def)             Requested size: 317.07614pt x 283.99622pt.

LaTeX Warning: `!h' float specifier changed to `!ht'.

File: Images/AB-4-1.png Graphic file (type png)
<use Images/AB-4-1.png>
Package pdftex.def Info: Images/AB-4-1.png  used on input line 1798.
(pdftex.def)             Requested size: 317.07614pt x 284.55316pt.

LaTeX Warning: `!h' float specifier changed to `!ht'.

<Images/AB-4-2.png, id=289, 366.4089pt x 328.8285pt>
File: Images/AB-4-2.png Graphic file (type png)
<use Images/AB-4-2.png>
Package pdftex.def Info: Images/AB-4-2.png  used on input line 1806.
(pdftex.def)             Requested size: 317.07614pt x 284.55316pt.

LaTeX Warning: `!h' float specifier changed to `!ht'.

[53

 <./Images/AB-1-1.png>] [54 <./Images/AB-2-1.png> <./Images/AB-2-2.png>]
[55] [56 <./Images/AB-4-2.png>]
<Images/MAB-1-1.png, id=306, 372.1905pt x 328.8285pt>
File: Images/MAB-1-1.png Graphic file (type png)
<use Images/MAB-1-1.png>
Package pdftex.def Info: Images/MAB-1-1.png  used on input line 1818.
(pdftex.def)             Requested size: 317.07614pt x 280.13274pt.
<Images/MAB-1-2.png, id=307, 372.1905pt x 328.8285pt>
File: Images/MAB-1-2.png Graphic file (type png)
<use Images/MAB-1-2.png>
Package pdftex.def Info: Images/MAB-1-2.png  used on input line 1826.
(pdftex.def)             Requested size: 317.07614pt x 280.13274pt.
<Images/MAB-2-1.png, id=308, 372.1905pt x 328.8285pt>
File: Images/MAB-2-1.png Graphic file (type png)
<use Images/MAB-2-1.png>
Package pdftex.def Info: Images/MAB-2-1.png  used on input line 1834.
(pdftex.def)             Requested size: 317.07614pt x 280.13274pt.


LaTeX Warning: `!h' float specifier changed to `!ht'.

File: Images/MAB-2-2.png Graphic file (type png)
<use Images/MAB-2-2.png>
Package pdftex.def Info: Images/MAB-2-2.png  used on input line 1842.
(pdftex.def)             Requested size: 317.07614pt x 280.13274pt.

LaTeX Warning: `!h' float specifier changed to `!ht'.

<Images/MAB-3-1.png, id=309, 372.1905pt x 328.8285pt>
File: Images/MAB-3-1.png Graphic file (type png)
<use Images/MAB-3-1.png>
Package pdftex.def Info: Images/MAB-3-1.png  used on input line 1850.
(pdftex.def)             Requested size: 317.07614pt x 280.13274pt.

LaTeX Warning: `!h' float specifier changed to `!ht'.

<Images/MAB-3-2.png, id=310, 372.1905pt x 328.8285pt>
File: Images/MAB-3-2.png Graphic file (type png)
<use Images/MAB-3-2.png>
Package pdftex.def Info: Images/MAB-3-2.png  used on input line 1858.
(pdftex.def)             Requested size: 317.07614pt x 280.13274pt.

LaTeX Warning: `!h' float specifier changed to `!ht'.

<Images/MAB-4-1.png, id=311, 372.1905pt x 328.8285pt>
File: Images/MAB-4-1.png Graphic file (type png)
<use Images/MAB-4-1.png>
Package pdftex.def Info: Images/MAB-4-1.png  used on input line 1866.
(pdftex.def)             Requested size: 317.07614pt x 280.13274pt.

LaTeX Warning: `!h' float specifier changed to `!ht'.

<Images/MAB-4-2.png, id=312, 372.1905pt x 328.8285pt>
File: Images/MAB-4-2.png Graphic file (type png)
<use Images/MAB-4-2.png>
Package pdftex.def Info: Images/MAB-4-2.png  used on input line 1874.
(pdftex.def)             Requested size: 317.07614pt x 280.13274pt.

LaTeX Warning: `!h' float specifier changed to `!ht'.

<Images/MAB-5-1.png, id=313, 372.1905pt x 328.8285pt>
File: Images/MAB-5-1.png Graphic file (type png)
<use Images/MAB-5-1.png>
Package pdftex.def Info: Images/MAB-5-1.png  used on input line 1882.
(pdftex.def)             Requested size: 317.07614pt x 280.13274pt.

LaTeX Warning: `!h' float specifier changed to `!ht'.

File: Images/MAB-5-2.png Graphic file (type png)
<use Images/MAB-5-2.png>
Package pdftex.def Info: Images/MAB-5-2.png  used on input line 1890.
(pdftex.def)             Requested size: 317.07614pt x 280.13274pt.

LaTeX Warning: `!h' float specifier changed to `!ht'.

[57

 <./Images/MAB-1-1.png> <./Images/MAB-1-2.png>] [58 <./Images/MAB-2-1.png>]
[59 <./Images/MAB-3-1.png> <./Images/MAB-3-2.png>] [60 <./Images/MAB-4-1.png> <
./Images/MAB-4-2.png>] [61 <./Images/MAB-5-1.png>] (./working.aux) ) 
Here is how much of TeX's memory you used:
 4308 strings out of 494923
 65922 string characters out of 6180741
 133515 words of memory out of 5000000
 7499 multiletter control sequences out of 15000+600000
 15576 words of font info for 54 fonts, out of 8000000 for 9000
 14 hyphenation exceptions out of 8191
 42i,21n,40p,1050b,352s stack positions out of 5000i,500n,10000p,200000b,80000s
</usr/share
/texlive/texmf-dist/fonts/type1/public/amsfonts/cm/cmbx10.pfb></usr/share/texli
ve/texmf-dist/fonts/type1/public/amsfonts/cm/cmbx12.pfb></usr/share/texlive/tex
mf-dist/fonts/type1/public/amsfonts/cm/cmex10.pfb></usr/share/texlive/texmf-dis
t/fonts/type1/public/amsfonts/cm/cmmi10.pfb></usr/share/texlive/texmf-dist/font
s/type1/public/amsfonts/cm/cmmi12.pfb></usr/share/texlive/texmf-dist/fonts/type
1/public/amsfonts/cm/cmmi8.pfb></usr/share/texlive/texmf-dist/fonts/type1/publi
c/amsfonts/cm/cmr10.pfb></usr/share/texlive/texmf-dist/fonts/type1/public/amsfo
nts/cm/cmr12.pfb></usr/share/texlive/texmf-dist/fonts/type1/public/amsfonts/cm/
cmr17.pfb></usr/share/texlive/texmf-dist/fonts/type1/public/amsfonts/cm/cmr6.pf
b></usr/share/texlive/texmf-dist/fonts/type1/public/amsfonts/cm/cmr8.pfb></usr/
share/texlive/texmf-dist/fonts/type1/public/amsfonts/cm/cmr9.pfb></usr/share/te
xlive/texmf-dist/fonts/type1/public/amsfonts/cm/cmsy10.pfb></usr/share/texlive/
texmf-dist/fonts/type1/public/amsfonts/cm/cmsy7.pfb></usr/share/texlive/texmf-d
ist/fonts/type1/public/amsfonts/cm/cmsy8.pfb></usr/share/texlive/texmf-dist/fon
ts/type1/public/amsfonts/cm/cmti10.pfb></usr/share/texlive/texmf-dist/fonts/typ
e1/public/amsfonts/cm/cmti12.pfb></usr/share/texlive/texmf-dist/fonts/type1/pub
lic/amsfonts/cm/cmti9.pfb>
Output written on working.pdf (77 pages, 79899225 bytes).
PDF statistics:
 399 PDF objects out of 1000 (max. 8388607)
 227 compressed objects within 3 object streams
 0 named destinations out of 1000 (max. 500000)
 221 words of extra memory for PDF output out of 10000 (max. 10000000)

