This is pdfTeX, Version 3.14159265-2.6-1.40.18 (TeX Live 2017/Debian) (preloaded format=pdflatex 2018.11.14)  2 APR 2019 23:55
entering extended mode
 restricted \write18 enabled.
 %&-line parsing enabled.
**working
(./working.tex
LaTeX2e <2017-04-15>
Babel <3.18> and hyphenation patterns for 3 language(s) loaded.
(/usr/share/texlive/texmf-dist/tex/latex/base/article.cls
Document Class: article 2014/09/29 v1.4h Standard LaTeX document class
(/usr/share/texlive/texmf-dist/tex/latex/base/size11.clo
File: size11.clo 2014/09/29 v1.4h Standard LaTeX file (size option)
)
\c@part=\count79
\c@section=\count80
\c@subsection=\count81
\c@subsubsection=\count82
\c@paragraph=\count83
\c@subparagraph=\count84
\c@figure=\count85
\c@table=\count86
\abovecaptionskip=\skip41
\belowcaptionskip=\skip42
\bibindent=\dimen102
)
(/usr/share/texlive/texmf-dist/tex/latex/appendix/appendix.sty
Package: appendix 2009/09/02 v1.2b extra appendix facilities
\c@@pps=\count87
\c@@ppsavesec=\count88
\c@@ppsaveapp=\count89
)
(/usr/share/texlive/texmf-dist/tex/latex/amsmath/amsmath.sty
Package: amsmath 2017/09/02 v2.17a AMS math features
\@mathmargin=\skip43

For additional information on amsmath, use the `?' option.
(/usr/share/texlive/texmf-dist/tex/latex/amsmath/amstext.sty
Package: amstext 2000/06/29 v2.01 AMS text

(/usr/share/texlive/texmf-dist/tex/latex/amsmath/amsgen.sty
File: amsgen.sty 1999/11/30 v2.0 generic functions
\@emptytoks=\toks14
\ex@=\dimen103
))
(/usr/share/texlive/texmf-dist/tex/latex/amsmath/amsbsy.sty
Package: amsbsy 1999/11/29 v1.2d Bold Symbols
\pmbraise@=\dimen104
)
(/usr/share/texlive/texmf-dist/tex/latex/amsmath/amsopn.sty
Package: amsopn 2016/03/08 v2.02 operator names
)
\inf@bad=\count90
LaTeX Info: Redefining \frac on input line 213.
\uproot@=\count91
\leftroot@=\count92
LaTeX Info: Redefining \overline on input line 375.
\classnum@=\count93
\DOTSCASE@=\count94
LaTeX Info: Redefining \ldots on input line 472.
LaTeX Info: Redefining \dots on input line 475.
LaTeX Info: Redefining \cdots on input line 596.
\Mathstrutbox@=\box26
\strutbox@=\box27
\big@size=\dimen105
LaTeX Font Info:    Redeclaring font encoding OML on input line 712.
LaTeX Font Info:    Redeclaring font encoding OMS on input line 713.
\macc@depth=\count95
\c@MaxMatrixCols=\count96
\dotsspace@=\muskip10
\c@parentequation=\count97
\dspbrk@lvl=\count98
\tag@help=\toks15
\row@=\count99
\column@=\count100
\maxfields@=\count101
\andhelp@=\toks16
\eqnshift@=\dimen106
\alignsep@=\dimen107
\tagshift@=\dimen108
\tagwidth@=\dimen109
\totwidth@=\dimen110
\lineht@=\dimen111
\@envbody=\toks17
\multlinegap=\skip44
\multlinetaggap=\skip45
\mathdisplay@stack=\toks18
LaTeX Info: Redefining \[ on input line 2817.
LaTeX Info: Redefining \] on input line 2818.
)
(/usr/share/texlive/texmf-dist/tex/latex/geometry/geometry.sty
Package: geometry 2010/09/12 v5.6 Page Geometry

(/usr/share/texlive/texmf-dist/tex/latex/graphics/keyval.sty
Package: keyval 2014/10/28 v1.15 key=value parser (DPC)
\KV@toks@=\toks19
)
(/usr/share/texlive/texmf-dist/tex/generic/oberdiek/ifpdf.sty
Package: ifpdf 2017/03/15 v3.2 Provides the ifpdf switch
)
(/usr/share/texlive/texmf-dist/tex/generic/oberdiek/ifvtex.sty
Package: ifvtex 2016/05/16 v1.6 Detect VTeX and its facilities (HO)
Package ifvtex Info: VTeX not detected.
)
(/usr/share/texlive/texmf-dist/tex/generic/ifxetex/ifxetex.sty
Package: ifxetex 2010/09/12 v0.6 Provides ifxetex conditional
)
\Gm@cnth=\count102
\Gm@cntv=\count103
\c@Gm@tempcnt=\count104
\Gm@bindingoffset=\dimen112
\Gm@wd@mp=\dimen113
\Gm@odd@mp=\dimen114
\Gm@even@mp=\dimen115
\Gm@layoutwidth=\dimen116
\Gm@layoutheight=\dimen117
\Gm@layouthoffset=\dimen118
\Gm@layoutvoffset=\dimen119
\Gm@dimlist=\toks20
)
(/usr/share/texlive/texmf-dist/tex/latex/graphics/graphicx.sty
Package: graphicx 2017/06/01 v1.1a Enhanced LaTeX Graphics (DPC,SPQR)

(/usr/share/texlive/texmf-dist/tex/latex/graphics/graphics.sty
Package: graphics 2017/06/25 v1.2c Standard LaTeX Graphics (DPC,SPQR)

(/usr/share/texlive/texmf-dist/tex/latex/graphics/trig.sty
Package: trig 2016/01/03 v1.10 sin cos tan (DPC)
)
(/usr/share/texlive/texmf-dist/tex/latex/graphics-cfg/graphics.cfg
File: graphics.cfg 2016/06/04 v1.11 sample graphics configuration
)
Package graphics Info: Driver file: pdftex.def on input line 99.

(/usr/share/texlive/texmf-dist/tex/latex/graphics-def/pdftex.def
File: pdftex.def 2018/01/08 v1.0l Graphics/color driver for pdftex
))
\Gin@req@height=\dimen120
\Gin@req@width=\dimen121
)
(/usr/share/texlive/texmf-dist/tex/latex/caption/subcaption.sty
Package: subcaption 2016/05/22 v1.1-161 Sub-captions (AR)

(/usr/share/texlive/texmf-dist/tex/latex/caption/caption.sty
Package: caption 2016/02/21 v3.3-144 Customizing captions (AR)

(/usr/share/texlive/texmf-dist/tex/latex/caption/caption3.sty
Package: caption3 2016/05/22 v1.7-166 caption3 kernel (AR)
Package caption3 Info: TeX engine: e-TeX on input line 67.
\captionmargin=\dimen122
\captionmargin@=\dimen123
\captionwidth=\dimen124
\caption@tempdima=\dimen125
\caption@indent=\dimen126
\caption@parindent=\dimen127
\caption@hangindent=\dimen128
)
\c@ContinuedFloat=\count105
)
\c@subfigure=\count106
\c@subtable=\count107
)
(/usr/share/texlive/texmf-dist/tex/latex/multirow/multirow.sty
Package: multirow 2016/11/25 v2.2 Span multiple rows of a table
\multirow@colwidth=\skip46
\multirow@cntb=\count108
\multirow@dima=\skip47
\bigstrutjot=\dimen129
)
(/usr/share/texlive/texmf-dist/tex/latex/placeins/placeins.sty
Package: placeins 2005/04/18  v 2.2
)
(/usr/share/texlive/texmf-dist/tex/latex/tools/array.sty
Package: array 2016/10/06 v2.4d Tabular extension package (FMi)
\col@sep=\dimen130
\extrarowheight=\dimen131
\NC@list=\toks21
\extratabsurround=\skip48
\backup@length=\skip49
)
(/usr/share/texlive/texmf-dist/tex/latex/tocbibind/tocbibind.sty
Package: tocbibind 2010/10/13 v1.5k extra ToC listings
Package tocbibind Info: The document has section divisions on input line 50.


Package tocbibind Note: Using section or other style headings.

) (/usr/share/texlive/texmf-dist/tex/latex/tools/multicol.sty
Package: multicol 2017/04/11 v1.8q multicolumn formatting (FMi)
\c@tracingmulticols=\count109
\mult@box=\box28
\multicol@leftmargin=\dimen132
\c@unbalance=\count110
\c@collectmore=\count111
\doublecol@number=\count112
\multicoltolerance=\count113
\multicolpretolerance=\count114
\full@width=\dimen133
\page@free=\dimen134
\premulticols=\dimen135
\postmulticols=\dimen136
\multicolsep=\skip50
\multicolbaselineskip=\skip51
\partial@page=\box29
\last@line=\box30
\maxbalancingoverflow=\dimen137
\mult@rightbox=\box31
\mult@grightbox=\box32
\mult@gfirstbox=\box33
\mult@firstbox=\box34
\@tempa=\box35
\@tempa=\box36
\@tempa=\box37
\@tempa=\box38
\@tempa=\box39
\@tempa=\box40
\@tempa=\box41
\@tempa=\box42
\@tempa=\box43
\@tempa=\box44
\@tempa=\box45
\@tempa=\box46
\@tempa=\box47
\@tempa=\box48
\@tempa=\box49
\@tempa=\box50
\@tempa=\box51
\c@columnbadness=\count115
\c@finalcolumnbadness=\count116
\last@try=\dimen138
\multicolovershoot=\dimen139
\multicolundershoot=\dimen140
\mult@nat@firstbox=\box52
\colbreak@box=\box53
\mc@col@check@num=\count117
)
(/usr/share/texlive/texmf-dist/tex/latex/wrapfig/wrapfig.sty
\wrapoverhang=\dimen141
\WF@size=\dimen142
\c@WF@wrappedlines=\count118
\WF@box=\box54
\WF@everypar=\toks22
Package: wrapfig 2003/01/31  v 3.6
)

LaTeX Warning: Unused global option(s):
    [openright].

(./working.aux)
\openout1 = `working.aux'.

LaTeX Font Info:    Checking defaults for OML/cmm/m/it on input line 32.
LaTeX Font Info:    ... okay on input line 32.
LaTeX Font Info:    Checking defaults for T1/cmr/m/n on input line 32.
LaTeX Font Info:    ... okay on input line 32.
LaTeX Font Info:    Checking defaults for OT1/cmr/m/n on input line 32.
LaTeX Font Info:    ... okay on input line 32.
LaTeX Font Info:    Checking defaults for OMS/cmsy/m/n on input line 32.
LaTeX Font Info:    ... okay on input line 32.
LaTeX Font Info:    Checking defaults for OMX/cmex/m/n on input line 32.
LaTeX Font Info:    ... okay on input line 32.
LaTeX Font Info:    Checking defaults for U/cmr/m/n on input line 32.
LaTeX Font Info:    ... okay on input line 32.

*geometry* driver: auto-detecting
*geometry* detected driver: pdftex
*geometry* verbose mode - [ preamble ] result:
* driver: pdftex
* paper: a4paper
* layout: <same size as paper>
* layoutoffset:(h,v)=(0.0pt,0.0pt)
* modes: twoside 
* h-part:(L,W,R)=(72.26999pt, 452.9679pt, 72.26999pt)
* v-part:(T,H,B)=(72.26999pt, 700.50687pt, 72.26999pt)
* \paperwidth=597.50787pt
* \paperheight=845.04684pt
* \textwidth=452.9679pt
* \textheight=700.50687pt
* \oddsidemargin=0.0pt
* \evensidemargin=0.0pt
* \topmargin=-37.0pt
* \headheight=12.0pt
* \headsep=25.0pt
* \topskip=11.0pt
* \footskip=30.0pt
* \marginparwidth=103.0pt
* \marginparsep=10.0pt
* \columnsep=10.0pt
* \skip\footins=10.0pt plus 4.0pt minus 2.0pt
* \hoffset=0.0pt
* \voffset=0.0pt
* \mag=1000
* \@twocolumnfalse
* \@twosidetrue
* \@mparswitchtrue
* \@reversemarginfalse
* (1in=72.27pt=25.4mm, 1cm=28.453pt)

(/usr/share/texlive/texmf-dist/tex/context/base/mkii/supp-pdf.mkii
[Loading MPS to PDF converter (version 2006.09.02).]
\scratchcounter=\count119
\scratchdimen=\dimen143
\scratchbox=\box55
\nofMPsegments=\count120
\nofMParguments=\count121
\everyMPshowfont=\toks23
\MPscratchCnt=\count122
\MPscratchDim=\dimen144
\MPnumerator=\count123
\makeMPintoPDFobject=\count124
\everyMPtoPDFconversion=\toks24
) (/usr/share/texlive/texmf-dist/tex/latex/oberdiek/epstopdf-base.sty
Package: epstopdf-base 2016/05/15 v2.6 Base part for package epstopdf

(/usr/share/texlive/texmf-dist/tex/generic/oberdiek/infwarerr.sty
Package: infwarerr 2016/05/16 v1.4 Providing info/warning/error messages (HO)
)
(/usr/share/texlive/texmf-dist/tex/latex/oberdiek/grfext.sty
Package: grfext 2016/05/16 v1.2 Manage graphics extensions (HO)

(/usr/share/texlive/texmf-dist/tex/generic/oberdiek/kvdefinekeys.sty
Package: kvdefinekeys 2016/05/16 v1.4 Define keys (HO)

(/usr/share/texlive/texmf-dist/tex/generic/oberdiek/ltxcmds.sty
Package: ltxcmds 2016/05/16 v1.23 LaTeX kernel commands for general use (HO)
)))
(/usr/share/texlive/texmf-dist/tex/latex/oberdiek/kvoptions.sty
Package: kvoptions 2016/05/16 v3.12 Key value format for package options (HO)

(/usr/share/texlive/texmf-dist/tex/generic/oberdiek/kvsetkeys.sty
Package: kvsetkeys 2016/05/16 v1.17 Key value parser (HO)

(/usr/share/texlive/texmf-dist/tex/generic/oberdiek/etexcmds.sty
Package: etexcmds 2016/05/16 v1.6 Avoid name clashes with e-TeX commands (HO)

(/usr/share/texlive/texmf-dist/tex/generic/oberdiek/ifluatex.sty
Package: ifluatex 2016/05/16 v1.4 Provides the ifluatex switch (HO)
Package ifluatex Info: LuaTeX not detected.
)
Package etexcmds Info: Could not find \expanded.
(etexcmds)             That can mean that you are not using pdfTeX 1.50 or
(etexcmds)             that some package has redefined \expanded.
(etexcmds)             In the latter case, load this package earlier.
)))
(/usr/share/texlive/texmf-dist/tex/generic/oberdiek/pdftexcmds.sty
Package: pdftexcmds 2018/01/21 v0.26 Utility functions of pdfTeX for LuaTeX (HO
)
Package pdftexcmds Info: LuaTeX not detected.
Package pdftexcmds Info: \pdf@primitive is available.
Package pdftexcmds Info: \pdf@ifprimitive is available.
Package pdftexcmds Info: \pdfdraftmode found.
)
Package epstopdf-base Info: Redefining graphics rule for `.eps' on input line 4
38.
Package grfext Info: Graphics extension search list:
(grfext)             [.pdf,.png,.jpg,.mps,.jpeg,.jbig2,.jb2,.PDF,.PNG,.JPG,.JPE
G,.JBIG2,.JB2,.eps]
(grfext)             \AppendGraphicsExtensions on input line 456.

(/usr/share/texlive/texmf-dist/tex/latex/latexconfig/epstopdf-sys.cfg
File: epstopdf-sys.cfg 2010/07/13 v1.3 Configuration of (r)epstopdf for TeX Liv
e
))
Package caption Info: Begin \AtBeginDocument code.
Package caption Info: wrapfig package is loaded.
Package caption Info: End \AtBeginDocument code.

[1

{/var/lib/texmf/fonts/map/pdftex/updmap/pdftex.map}] [2]
LaTeX Font Info:    Try loading font information for OMS+cmr on input line 73.

(/usr/share/texlive/texmf-dist/tex/latex/base/omscmr.fd
File: omscmr.fd 2014/09/29 v2.5h Standard LaTeX font definitions
)
LaTeX Font Info:    Font shape `OMS/cmr/m/n' in size <10> not available
(Font)              Font shape `OMS/cmsy/m/n' tried instead on input line 73.
 [1] [2] [3] [4]
[5] [6

] (./working.toc [7])
\tf@toc=\write3
\openout3 = `working.toc'.

 [8] (./working.lof [9

] [10])
\tf@lof=\write4
\openout4 = `working.lof'.

 [11] [12

]
(./working.lot)
\tf@lot=\write5
\openout5 = `working.lot'.

 [13] [14] [1

] [2] [3] [4

] [5] [6]
<Images/Ardin2010MBModel.PNG, id=87, 523.83705pt x 395.91914pt>
File: Images/Ardin2010MBModel.PNG Graphic file (type png)
<use Images/Ardin2010MBModel.PNG>
Package pdftex.def Info: Images/Ardin2010MBModel.PNG  used on input line 625.
(pdftex.def)             Requested size: 407.66833pt x 308.12698pt.
 [7 <./Images/Ardin2010MBModel.PNG>]
<Images/MarkerBasedEncoding.png, id=91, 728.7225pt x 552.56438pt>
File: Images/MarkerBasedEncoding.png Graphic file (type png)
<use Images/MarkerBasedEncoding.png>
Package pdftex.def Info: Images/MarkerBasedEncoding.png  used on input line 728
.
(pdftex.def)             Requested size: 407.66833pt x 309.11354pt.


LaTeX Warning: `!h' float specifier changed to `!ht'.

[8]
Underfull \vbox (badness 1990) has occurred while \output is active []

 [9 <./Images/MarkerBasedEncoding.png>]
<Images/EvolvedNetwork.png, id=99, 651.18282pt x 539.76656pt>
File: Images/EvolvedNetwork.png Graphic file (type png)
<use Images/EvolvedNetwork.png>
Package pdftex.def Info: Images/EvolvedNetwork.png  used on input line 809.
(pdftex.def)             Requested size: 317.07614pt x 262.83246pt.
 [10 <./Images/EvolvedNetwork.png>]
LaTeX Font Info:    Font shape `OMS/cmr/m/n' in size <12> not available
(Font)              Font shape `OMS/cmsy/m/n' tried instead on input line 827.
<Images/StoneCXModel.jpg, id=104, 803.0pt x 520.94624pt>
File: Images/StoneCXModel.jpg Graphic file (type jpg)
<use Images/StoneCXModel.jpg>
Package pdftex.def Info: Images/StoneCXModel.jpg  used on input line 837.
(pdftex.def)             Requested size: 452.9679pt x 293.86618pt.
 [11 <./Images/StoneCXModel.jpg>]
<Images/Figure5F.jpg, id=108, 483.8075pt x 347.2975pt>
File: Images/Figure5F.jpg Graphic file (type jpg)
<use Images/Figure5F.jpg>
Package pdftex.def Info: Images/Figure5F.jpg  used on input line 873.
(pdftex.def)             Requested size: 317.07614pt x 227.62195pt.
 [12 <./Images/Figure5F.jpg>] [13] [14] [15]
<Images/EightENModel.png, id=122, 838.13126pt x 965.6075pt>
File: Images/EightENModel.png Graphic file (type png)
<use Images/EightENModel.png>
Package pdftex.def Info: Images/EightENModel.png  used on input line 1154.
(pdftex.def)             Requested size: 407.66833pt x 469.6746pt.


LaTeX Warning: `!h' float specifier changed to `!ht'.

[16]
Underfull \vbox (badness 10000) has occurred while \output is active []

 [17 <./Images/EightENModel.png>] [18]
<Images/AntBotCharging.JPG, id=137, 6006.44pt x 3388.66pt>
File: Images/AntBotCharging.JPG Graphic file (type jpg)
<use Images/AntBotCharging.JPG>
Package pdftex.def Info: Images/AntBotCharging.JPG  used on input line 1312.
(pdftex.def)             Requested size: 317.07614pt x 178.85355pt.
<Images/KogetoDot.jpeg, id=138, 351.3125pt x 351.3125pt>
File: Images/KogetoDot.jpeg Graphic file (type jpg)
<use Images/KogetoDot.jpeg>
Package pdftex.def Info: Images/KogetoDot.jpeg  used on input line 1332.
(pdftex.def)             Requested size: 183.4495pt x 183.45546pt.
<Images/PanoramicView.jpg, id=139, 614.295pt x 614.295pt>
File: Images/PanoramicView.jpg Graphic file (type jpg)
<use Images/PanoramicView.jpg>
Package pdftex.def Info: Images/PanoramicView.jpg  used on input line 1338.
(pdftex.def)             Requested size: 183.4495pt x 183.4463pt.
 [19

 <./Images/AntBotCharging.JPG>] [20 <./Images/KogetoDot.jpeg> <./Images/Panoram
icView.jpg>]
<Images/Centre.png, id=147, 603.25375pt x 450.68375pt>
File: Images/Centre.png Graphic file (type png)
<use Images/Centre.png>
Package pdftex.def Info: Images/Centre.png  used on input line 1426.
(pdftex.def)             Requested size: 317.07614pt x 236.88069pt.
 [21 <./Images/Centre.png>] [22]
[23] [24

]
<Images/frame_00066.png, id=162, 90.3375pt x 10.0375pt>
File: Images/frame_00066.png Graphic file (type png)
<use Images/frame_00066.png>
Package pdftex.def Info: Images/frame_00066.png  used on input line 1590.
(pdftex.def)             Requested size: 452.9679pt x 50.34337pt.


LaTeX Warning: `!h' float specifier changed to `!ht'.

[25] [26 <./Images/frame_00066.png (PNG copy)>] [27]
<ACCRate.png, id=173, 462.528pt x 346.896pt>
File: ACCRate.png Graphic file (type png)
<use ACCRate.png>
Package pdftex.def Info: ACCRate.png  used on input line 1742.
(pdftex.def)             Requested size: 407.66833pt x 305.76697pt.
 [28 <./ACCRate.png>]
<Images/NeuralCASignalProp.png, id=178, 780.516pt x 1346.3901pt>
File: Images/NeuralCASignalProp.png Graphic file (type png)
<use Images/NeuralCASignalProp.png>
Package pdftex.def Info: Images/NeuralCASignalProp.png  used on input line 1821
.
(pdftex.def)             Requested size: 362.37569pt x 625.09935pt.


LaTeX Warning: Float too large for page by 21.99252pt on input line 1836.


LaTeX Warning: `!h' float specifier changed to `!ht'.

[29] [30] [31 <./Images/NeuralCASignalProp.png>] [32] [33


]
<Images/CXNT.png, id=196, 957.5775pt x 484.209pt>
File: Images/CXNT.png Graphic file (type png)
<use Images/CXNT.png>
Package pdftex.def Info: Images/CXNT.png  used on input line 2005.
(pdftex.def)             Requested size: 452.9679pt x 229.04855pt.
 [34 <./Images/CXNT.png>] [35]
<Images/FOETest.jpg, id=205, 6006.44pt x 3388.66pt>
File: Images/FOETest.jpg Graphic file (type jpg)
<use Images/FOETest.jpg>
Package pdftex.def Info: Images/FOETest.jpg  used on input line 2104.
(pdftex.def)             Requested size: 452.9679pt x 255.53462pt.
 [36 <./Images/FOETest.jpg>] [37] [38

]
<Images/AB_CX_10.png, id=215, 462.528pt x 346.896pt>
File: Images/AB_CX_10.png Graphic file (type png)
<use Images/AB_CX_10.png>
Package pdftex.def Info: Images/AB_CX_10.png  used on input line 2225.
(pdftex.def)             Requested size: 362.37569pt x 271.79521pt.


LaTeX Warning: `!h' float specifier changed to `!ht'.

<Images/AB_CX_8.png, id=216, 462.528pt x 346.896pt>
File: Images/AB_CX_8.png Graphic file (type png)
<use Images/AB_CX_8.png>
Package pdftex.def Info: Images/AB_CX_8.png  used on input line 2240.
(pdftex.def)             Requested size: 362.37569pt x 271.79521pt.

LaTeX Warning: `!h' float specifier changed to `!ht'.

[39]
Underfull \vbox (badness 2635) has occurred while \output is active []

 [40 <./Images/AB_CX_10.png> <./Images/AB_CX_8.png>]
<Images/AB_CX_1.png, id=226, 462.528pt x 346.896pt>
File: Images/AB_CX_1.png Graphic file (type png)
<use Images/AB_CX_1.png>
Package pdftex.def Info: Images/AB_CX_1.png  used on input line 2264.
(pdftex.def)             Requested size: 362.37569pt x 271.79521pt.
<Images/frame_00057.png, id=227, 90.3375pt x 10.0375pt>
File: Images/frame_00057.png Graphic file (type png)
<use Images/frame_00057.png>
Package pdftex.def Info: Images/frame_00057.png  used on input line 2292.
(pdftex.def)             Requested size: 452.9679pt x 50.34337pt.
<Images/frame_00058.png, id=228, 90.3375pt x 10.0375pt>
File: Images/frame_00058.png Graphic file (type png)
<use Images/frame_00058.png>
Package pdftex.def Info: Images/frame_00058.png  used on input line 2293.
(pdftex.def)             Requested size: 452.9679pt x 50.34337pt.
<Images/frame_00059.png, id=229, 90.3375pt x 10.0375pt>
File: Images/frame_00059.png Graphic file (type png)
<use Images/frame_00059.png>
Package pdftex.def Info: Images/frame_00059.png  used on input line 2294.
(pdftex.def)             Requested size: 452.9679pt x 50.34337pt.
<Images/frame_00060.png, id=230, 90.3375pt x 10.0375pt>
File: Images/frame_00060.png Graphic file (type png)
<use Images/frame_00060.png>
Package pdftex.def Info: Images/frame_00060.png  used on input line 2295.
(pdftex.def)             Requested size: 452.9679pt x 50.34337pt.
<Images/frame_00061.png, id=231, 90.3375pt x 10.0375pt>
File: Images/frame_00061.png Graphic file (type png)
<use Images/frame_00061.png>
Package pdftex.def Info: Images/frame_00061.png  used on input line 2296.
(pdftex.def)             Requested size: 452.9679pt x 50.34337pt.


LaTeX Warning: `!h' float specifier changed to `!ht'.

<Images/frame_00064.png, id=232, 90.3375pt x 10.0375pt>
File: Images/frame_00064.png Graphic file (type png)
<use Images/frame_00064.png>
Package pdftex.def Info: Images/frame_00064.png  used on input line 2319.
(pdftex.def)             Requested size: 452.9679pt x 50.34337pt.
<Images/frame_00065.png, id=233, 90.3375pt x 10.0375pt>
File: Images/frame_00065.png Graphic file (type png)
<use Images/frame_00065.png>
Package pdftex.def Info: Images/frame_00065.png  used on input line 2320.
(pdftex.def)             Requested size: 452.9679pt x 50.34337pt.
File: Images/frame_00066.png Graphic file (type png)
<use Images/frame_00066.png>
Package pdftex.def Info: Images/frame_00066.png  used on input line 2321.
(pdftex.def)             Requested size: 452.9679pt x 50.34337pt.
<Images/frame_00067.png, id=234, 90.3375pt x 10.0375pt>
File: Images/frame_00067.png Graphic file (type png)
<use Images/frame_00067.png>
Package pdftex.def Info: Images/frame_00067.png  used on input line 2322.
(pdftex.def)             Requested size: 452.9679pt x 50.34337pt.
<Images/frame_00068.png, id=235, 90.3375pt x 10.0375pt>
File: Images/frame_00068.png Graphic file (type png)
<use Images/frame_00068.png>
Package pdftex.def Info: Images/frame_00068.png  used on input line 2323.
(pdftex.def)             Requested size: 452.9679pt x 50.34337pt.

LaTeX Warning: `!h' float specifier changed to `!ht'.

[41 <./Images/AB_CX_1.png>] [42 <./Images/frame_00057.png (PNG copy)> <./Images
/frame_00058.png (PNG copy)> <./Images/frame_00059.png (PNG copy)> <./Images/fr
ame_00060.png (PNG copy)> <./Images/frame_00061.png (PNG copy)> <./Images/frame
_00064.png (PNG copy)> <./Images/frame_00065.png (PNG copy)> <./Images/frame_00
067.png (PNG copy)> <./Images/frame_00068.png (PNG copy)>] [43] [44] [45]
[46

] [47] [48] [49] [50] [51] (./working.bbl [52

]
Missing character: There is no Ã in font cmr12!
Missing character: There is no ¼ in font cmr12!
Missing character: There is no Ã in font cmr12!
Missing character: There is no ¼ in font cmr12!
Missing character: There is no Ã in font cmr12!
Missing character: There is no ¶ in font cmr12!
 [53]) [54] [55

] [56

]
File: Images/AB_CX_1.png Graphic file (type png)
<use Images/AB_CX_1.png>
Package pdftex.def Info: Images/AB_CX_1.png  used on input line 3199.
(pdftex.def)             Requested size: 362.37569pt x 271.79521pt.
<Images/AB_CX_2.png, id=288, 462.528pt x 346.896pt>
File: Images/AB_CX_2.png Graphic file (type png)
<use Images/AB_CX_2.png>
Package pdftex.def Info: Images/AB_CX_2.png  used on input line 3206.
(pdftex.def)             Requested size: 362.37569pt x 271.79521pt.
<Images/AB_CX_3.png, id=289, 462.528pt x 346.896pt>
File: Images/AB_CX_3.png Graphic file (type png)
<use Images/AB_CX_3.png>
Package pdftex.def Info: Images/AB_CX_3.png  used on input line 3213.
(pdftex.def)             Requested size: 362.37569pt x 271.79521pt.


LaTeX Warning: `!h' float specifier changed to `!ht'.

<Images/AB_CX_4.png, id=290, 462.528pt x 346.896pt>
File: Images/AB_CX_4.png Graphic file (type png)
<use Images/AB_CX_4.png>
Package pdftex.def Info: Images/AB_CX_4.png  used on input line 3220.
(pdftex.def)             Requested size: 362.37569pt x 271.79521pt.

LaTeX Warning: `!h' float specifier changed to `!ht'.

<Images/AB_CX_5.png, id=291, 462.528pt x 346.896pt>
File: Images/AB_CX_5.png Graphic file (type png)
<use Images/AB_CX_5.png>
Package pdftex.def Info: Images/AB_CX_5.png  used on input line 3227.
(pdftex.def)             Requested size: 362.37569pt x 271.79521pt.

LaTeX Warning: `!h' float specifier changed to `!ht'.

<Images/AB_CX_6.png, id=292, 462.528pt x 346.896pt>
File: Images/AB_CX_6.png Graphic file (type png)
<use Images/AB_CX_6.png>
Package pdftex.def Info: Images/AB_CX_6.png  used on input line 3234.
(pdftex.def)             Requested size: 362.37569pt x 271.79521pt.

LaTeX Warning: `!h' float specifier changed to `!ht'.

<Images/AB_CX_7.png, id=293, 462.528pt x 346.896pt>
File: Images/AB_CX_7.png Graphic file (type png)
<use Images/AB_CX_7.png>
Package pdftex.def Info: Images/AB_CX_7.png  used on input line 3241.
(pdftex.def)             Requested size: 362.37569pt x 271.79521pt.

LaTeX Warning: `!h' float specifier changed to `!ht'.

File: Images/AB_CX_8.png Graphic file (type png)
<use Images/AB_CX_8.png>
Package pdftex.def Info: Images/AB_CX_8.png  used on input line 3248.
(pdftex.def)             Requested size: 362.37569pt x 271.79521pt.

LaTeX Warning: `!h' float specifier changed to `!ht'.

<Images/AB_CX_9.png, id=294, 462.528pt x 346.896pt>
File: Images/AB_CX_9.png Graphic file (type png)
<use Images/AB_CX_9.png>
Package pdftex.def Info: Images/AB_CX_9.png  used on input line 3255.
(pdftex.def)             Requested size: 362.37569pt x 271.79521pt.

LaTeX Warning: `!h' float specifier changed to `!ht'.

File: Images/AB_CX_10.png Graphic file (type png)
<use Images/AB_CX_10.png>
Package pdftex.def Info: Images/AB_CX_10.png  used on input line 3262.
(pdftex.def)             Requested size: 362.37569pt x 271.79521pt.

LaTeX Warning: `!h' float specifier changed to `!ht'.

[57 <./Images/AB_CX_2.png>] [58 <./Images/AB_CX_3.png> <./Images/AB_CX_4.png>]
[59 <./Images/AB_CX_5.png> <./Images/AB_CX_6.png>] [60 <./Images/AB_CX_7.png>]
[61 <./Images/AB_CX_9.png>] (./working.aux) ) 
Here is how much of TeX's memory you used:
 4432 strings out of 494923
 67237 string characters out of 6180741
 134208 words of memory out of 5000000
 7625 multiletter control sequences out of 15000+600000
 14648 words of font info for 51 fonts, out of 8000000 for 9000
 14 hyphenation exceptions out of 8191
 42i,21n,40p,907b,352s stack positions out of 5000i,500n,10000p,200000b,80000s
</usr/share/texlive/texmf-dist/fon
ts/type1/public/amsfonts/cm/cmbx10.pfb></usr/share/texlive/texmf-dist/fonts/typ
e1/public/amsfonts/cm/cmbx12.pfb></usr/share/texlive/texmf-dist/fonts/type1/pub
lic/amsfonts/cm/cmex10.pfb></usr/share/texlive/texmf-dist/fonts/type1/public/am
sfonts/cm/cmmi10.pfb></usr/share/texlive/texmf-dist/fonts/type1/public/amsfonts
/cm/cmmi12.pfb></usr/share/texlive/texmf-dist/fonts/type1/public/amsfonts/cm/cm
mi6.pfb></usr/share/texlive/texmf-dist/fonts/type1/public/amsfonts/cm/cmmi8.pfb
></usr/share/texlive/texmf-dist/fonts/type1/public/amsfonts/cm/cmmi9.pfb></usr/
share/texlive/texmf-dist/fonts/type1/public/amsfonts/cm/cmr10.pfb></usr/share/t
exlive/texmf-dist/fonts/type1/public/amsfonts/cm/cmr12.pfb></usr/share/texlive/
texmf-dist/fonts/type1/public/amsfonts/cm/cmr17.pfb></usr/share/texlive/texmf-d
ist/fonts/type1/public/amsfonts/cm/cmr6.pfb></usr/share/texlive/texmf-dist/font
s/type1/public/amsfonts/cm/cmr8.pfb></usr/share/texlive/texmf-dist/fonts/type1/
public/amsfonts/cm/cmr9.pfb></usr/share/texlive/texmf-dist/fonts/type1/public/a
msfonts/cm/cmsy10.pfb></usr/share/texlive/texmf-dist/fonts/type1/public/amsfont
s/cm/cmsy6.pfb></usr/share/texlive/texmf-dist/fonts/type1/public/amsfonts/cm/cm
sy8.pfb></usr/share/texlive/texmf-dist/fonts/type1/public/amsfonts/cm/cmsy9.pfb
></usr/share/texlive/texmf-dist/fonts/type1/public/amsfonts/cm/cmti10.pfb></usr
/share/texlive/texmf-dist/fonts/type1/public/amsfonts/cm/cmti12.pfb></usr/share
/texlive/texmf-dist/fonts/type1/public/amsfonts/cm/cmti9.pfb>
Output written on working.pdf (77 pages, 14515115 bytes).
PDF statistics:
 388 PDF objects out of 1000 (max. 8388607)
 236 compressed objects within 3 object streams
 0 named destinations out of 1000 (max. 500000)
 171 words of extra memory for PDF output out of 10000 (max. 10000000)

